I200924 04:45:04.454707 15 util/log/sync_buffer.go:70  [config] file created at: 2020/09/24 04:45:04
I200924 04:45:04.454707 15 util/log/sync_buffer.go:70  [config] running on machine: Sudeeps-MacBook-Pro
I200924 04:45:04.454707 15 util/log/sync_buffer.go:70  [config] binary: CockroachDB CCL v20.1.5 (x86_64-apple-darwin14, built 2020/08/24 19:48:13, go1.13.9)
I200924 04:45:04.454707 15 util/log/sync_buffer.go:70  [config] arguments: [cockroach start-single-node --insecure]
I200924 04:45:04.454707 15 util/log/sync_buffer.go:70  line format: [IWEF]yymmdd hh:mm:ss.uuuuuu goid file:line msg utf8=✓
I200924 04:45:04.454706 15 storage/rocksdb.go:102  RocksDB version: 6.2.1
I200924 04:45:04.458355 15 storage/rocksdb.go:102  Git sha rocksdb_build_git_sha:@2512e96f3bf87b3c1b5b0183ed2ec421dc35d0d7@
I200924 04:45:04.458359 15 storage/rocksdb.go:102  Compile date Aug 24 2020
I200924 04:45:04.458367 15 storage/rocksdb.go:102  DB SUMMARY
I200924 04:45:04.458417 15 storage/rocksdb.go:102  SST files in /Users/sudeepkrishna/inventory-management-project/INVENTORY_COCKROACHDB/cockroach-data/cockroach-temp815632733 dir, Total Num: 0, files: 
I200924 04:45:04.458423 15 storage/rocksdb.go:102  Write Ahead Log file in /Users/sudeepkrishna/inventory-management-project/INVENTORY_COCKROACHDB/cockroach-data/cockroach-temp815632733: 
I200924 04:45:04.458429 15 storage/rocksdb.go:102                          Options.error_if_exists: 0
I200924 04:45:04.458432 15 storage/rocksdb.go:102                        Options.create_if_missing: 1
I200924 04:45:04.458435 15 storage/rocksdb.go:102                          Options.paranoid_checks: 1
I200924 04:45:04.458438 15 storage/rocksdb.go:102                                      Options.env: 0xa8fe868
I200924 04:45:04.458441 15 storage/rocksdb.go:102                                 Options.info_log: 0x1180d0c0
I200924 04:45:04.458444 15 storage/rocksdb.go:102                 Options.max_file_opening_threads: 16
I200924 04:45:04.458447 15 storage/rocksdb.go:102                               Options.statistics: 0x11813158
I200924 04:45:04.458450 15 storage/rocksdb.go:102                                Options.use_fsync: 0
I200924 04:45:04.458453 15 storage/rocksdb.go:102                        Options.max_log_file_size: 0
I200924 04:45:04.458456 15 storage/rocksdb.go:102                   Options.max_manifest_file_size: 134217728
I200924 04:45:04.458459 15 storage/rocksdb.go:102                    Options.log_file_time_to_roll: 0
I200924 04:45:04.458462 15 storage/rocksdb.go:102                        Options.keep_log_file_num: 1000
I200924 04:45:04.458465 15 storage/rocksdb.go:102                     Options.recycle_log_file_num: 1
I200924 04:45:04.458468 15 storage/rocksdb.go:102                          Options.allow_fallocate: 1
I200924 04:45:04.458471 15 storage/rocksdb.go:102                         Options.allow_mmap_reads: 0
I200924 04:45:04.458474 15 storage/rocksdb.go:102                        Options.allow_mmap_writes: 0
I200924 04:45:04.458477 15 storage/rocksdb.go:102                         Options.use_direct_reads: 0
I200924 04:45:04.458480 15 storage/rocksdb.go:102                         Options.use_direct_io_for_flush_and_compaction: 0
I200924 04:45:04.458483 15 storage/rocksdb.go:102           Options.create_missing_column_families: 0
I200924 04:45:04.458486 15 storage/rocksdb.go:102                               Options.db_log_dir: 
I200924 04:45:04.458489 15 storage/rocksdb.go:102                                  Options.wal_dir: /Users/sudeepkrishna/inventory-management-project/INVENTORY_COCKROACHDB/cockroach-data/cockroach-temp815632733
I200924 04:45:04.458492 15 storage/rocksdb.go:102                 Options.table_cache_numshardbits: 6
I200924 04:45:04.458495 15 storage/rocksdb.go:102                       Options.max_subcompactions: 1
I200924 04:45:04.458498 15 storage/rocksdb.go:102                   Options.max_background_flushes: -1
I200924 04:45:04.458501 15 storage/rocksdb.go:102                          Options.WAL_ttl_seconds: 0
I200924 04:45:04.458504 15 storage/rocksdb.go:102                        Options.WAL_size_limit_MB: 0
I200924 04:45:04.458507 15 storage/rocksdb.go:102              Options.manifest_preallocation_size: 4194304
I200924 04:45:04.458510 15 storage/rocksdb.go:102                      Options.is_fd_close_on_exec: 1
I200924 04:45:04.458513 15 storage/rocksdb.go:102                    Options.advise_random_on_open: 1
I200924 04:45:04.458516 15 storage/rocksdb.go:102                     Options.db_write_buffer_size: 0
I200924 04:45:04.458519 15 storage/rocksdb.go:102                     Options.write_buffer_manager: 0x11898030
I200924 04:45:04.458522 15 storage/rocksdb.go:102          Options.access_hint_on_compaction_start: 1
I200924 04:45:04.458528 15 storage/rocksdb.go:102   Options.new_table_reader_for_compaction_inputs: 0
I200924 04:45:04.458530 15 storage/rocksdb.go:102            Options.random_access_max_buffer_size: 1048576
I200924 04:45:04.458533 15 storage/rocksdb.go:102                       Options.use_adaptive_mutex: 0
I200924 04:45:04.458537 15 storage/rocksdb.go:102                             Options.rate_limiter: 0x0
I200924 04:45:04.458540 15 storage/rocksdb.go:102      Options.sst_file_manager.rate_bytes_per_sec: 0
I200924 04:45:04.458543 15 storage/rocksdb.go:102                        Options.wal_recovery_mode: 0
I200924 04:45:04.458546 15 storage/rocksdb.go:102                   Options.enable_thread_tracking: 0
I200924 04:45:04.458549 15 storage/rocksdb.go:102                   Options.enable_pipelined_write: 0
I200924 04:45:04.458552 15 storage/rocksdb.go:102          Options.allow_concurrent_memtable_write: 1
I200924 04:45:04.458555 15 storage/rocksdb.go:102       Options.enable_write_thread_adaptive_yield: 1
I200924 04:45:04.458557 15 storage/rocksdb.go:102              Options.write_thread_max_yield_usec: 100
I200924 04:45:04.458560 15 storage/rocksdb.go:102             Options.write_thread_slow_yield_usec: 3
I200924 04:45:04.458563 15 storage/rocksdb.go:102                                Options.row_cache: None
I200924 04:45:04.458566 15 storage/rocksdb.go:102                               Options.wal_filter: None
I200924 04:45:04.458569 15 storage/rocksdb.go:102              Options.avoid_flush_during_recovery: 0
I200924 04:45:04.458572 15 storage/rocksdb.go:102              Options.allow_ingest_behind: 0
I200924 04:45:04.458575 15 storage/rocksdb.go:102              Options.preserve_deletes: 0
I200924 04:45:04.458578 15 storage/rocksdb.go:102              Options.two_write_queues: 0
I200924 04:45:04.458581 15 storage/rocksdb.go:102              Options.manual_wal_flush: 1
I200924 04:45:04.458584 15 storage/rocksdb.go:102              Options.atomic_flush: 0
I200924 04:45:04.458588 15 storage/rocksdb.go:102              Options.avoid_unnecessary_blocking_io: 0
I200924 04:45:04.458590 15 storage/rocksdb.go:102              Options.max_background_jobs: 4
I200924 04:45:04.458593 15 storage/rocksdb.go:102              Options.max_background_compactions: -1
I200924 04:45:04.458596 15 storage/rocksdb.go:102              Options.avoid_flush_during_shutdown: 0
I200924 04:45:04.458599 15 storage/rocksdb.go:102            Options.writable_file_max_buffer_size: 1048576
I200924 04:45:04.458602 15 storage/rocksdb.go:102              Options.delayed_write_rate : 16777216
I200924 04:45:04.458605 15 storage/rocksdb.go:102              Options.max_total_wal_size: 0
I200924 04:45:04.458608 15 storage/rocksdb.go:102              Options.delete_obsolete_files_period_micros: 21600000000
I200924 04:45:04.458611 15 storage/rocksdb.go:102                    Options.stats_dump_period_sec: 0
I200924 04:45:04.458614 15 storage/rocksdb.go:102                  Options.stats_persist_period_sec: 600
I200924 04:45:04.458617 15 storage/rocksdb.go:102                  Options.stats_history_buffer_size: 1048576
I200924 04:45:04.458620 15 storage/rocksdb.go:102                           Options.max_open_files: 128
I200924 04:45:04.458623 15 storage/rocksdb.go:102                           Options.bytes_per_sync: 524288
I200924 04:45:04.458626 15 storage/rocksdb.go:102                       Options.wal_bytes_per_sync: 0
I200924 04:45:04.458629 15 storage/rocksdb.go:102                    Options.strict_bytes_per_sync: 1
I200924 04:45:04.458632 15 storage/rocksdb.go:102        Options.compaction_readahead_size: 0
I200924 04:45:04.458637 15 storage/rocksdb.go:102  Compression algorithms supported:
I200924 04:45:04.458641 15 storage/rocksdb.go:102  	kZSTD supported: 0
I200924 04:45:04.458644 15 storage/rocksdb.go:102  	kZlibCompression supported: 0
I200924 04:45:04.458648 15 storage/rocksdb.go:102  	kXpressCompression supported: 0
I200924 04:45:04.458651 15 storage/rocksdb.go:102  	kSnappyCompression supported: 1
I200924 04:45:04.458656 15 storage/rocksdb.go:102  	kZSTDNotFinalCompression supported: 0
I200924 04:45:04.458659 15 storage/rocksdb.go:102  	kLZ4HCCompression supported: 0
I200924 04:45:04.458662 15 storage/rocksdb.go:102  	kLZ4Compression supported: 0
I200924 04:45:04.458665 15 storage/rocksdb.go:102  	kBZip2Compression supported: 0
I200924 04:45:04.458674 15 storage/rocksdb.go:102  Fast CRC32 supported: Supported on x86
I200924 04:45:04.460212 15 storage/rocksdb.go:102  [db/db_impl_open.cc:242] Creating manifest 1 
I200924 04:45:04.463010 15 storage/rocksdb.go:102  [db/version_set.cc:4072] Recovering from manifest file: /Users/sudeepkrishna/inventory-management-project/INVENTORY_COCKROACHDB/cockroach-data/cockroach-temp815632733/MANIFEST-000001
I200924 04:45:04.464237 15 storage/rocksdb.go:102  [db/column_family.cc:488] --------------- Options for column family [default]:
I200924 04:45:04.464247 15 storage/rocksdb.go:102                Options.comparator: cockroach_comparator
I200924 04:45:04.465406 15 storage/rocksdb.go:102            Options.merge_operator: cockroach_merge_operator
I200924 04:45:04.465416 15 storage/rocksdb.go:102         Options.compaction_filter: None
I200924 04:45:04.465421 15 storage/rocksdb.go:102         Options.compaction_filter_factory: None
I200924 04:45:04.465426 15 storage/rocksdb.go:102          Options.memtable_factory: SkipListFactory
I200924 04:45:04.465432 15 storage/rocksdb.go:102             Options.table_factory: BlockBasedTable
I200924 04:45:04.465480 15 storage/rocksdb.go:102             table_factory options:   flush_block_policy_factory: FlushBlockBySizePolicyFactory (0x11826030)
  cache_index_and_filter_blocks: 0
  cache_index_and_filter_blocks_with_high_priority: 0
  pin_l0_filter_and_index_blocks_in_cache: 0
  pin_top_level_index_and_filter: 1
  index_type: 0
  data_block_index_type: 0
  index_shortening: 1
  data_block_hash_table_util_ratio: 0.750000
  hash_index_allow_collision: 1
  checksum: 1
  no_block_cache: 0
  block_cache: 0x11813018
  block_cache_name: LRUCache
  block_cache_options:
    capacity : 1048576
    num_shard_bits : 4
    strict_capacity_limit : 0
    memory_allocator : None
    high_pri_pool_ratio: 0.000
  block_cache_compressed: 0x0
  persistent_cache: 0x0
  block_size: 32768
  block_size_deviation: 10
  block_restart_interval: 16
  index_block_restart_interval: 1
  metadata_block_size: 4096
  partition_filters: 0
  use_delta_encoding: 1
  filter_policy: rocksdb.BuiltinBloomFilter
  whole_key_filtering: 0
  verify_compression: 0
  read_amp_bytes_per_bit: 0
  format_version: 2
  enable_index_compression: 1
  block_align: 0
I200924 04:45:04.465488 15 storage/rocksdb.go:102         Options.write_buffer_size: 67108864
I200924 04:45:04.465496 15 storage/rocksdb.go:102   Options.max_write_buffer_number: 4
I200924 04:45:04.465505 15 storage/rocksdb.go:102           Options.compression: Snappy
I200924 04:45:04.465510 15 storage/rocksdb.go:102                   Options.bottommost_compression: Disabled
I200924 04:45:04.465515 15 storage/rocksdb.go:102        Options.prefix_extractor: cockroach_prefix_extractor
I200924 04:45:04.465520 15 storage/rocksdb.go:102    Options.memtable_insert_with_hint_prefix_extractor: nullptr
I200924 04:45:04.465524 15 storage/rocksdb.go:102              Options.num_levels: 7
I200924 04:45:04.465529 15 storage/rocksdb.go:102         Options.min_write_buffer_number_to_merge: 1
I200924 04:45:04.465534 15 storage/rocksdb.go:102      Options.max_write_buffer_number_to_maintain: 0
I200924 04:45:04.465539 15 storage/rocksdb.go:102             Options.bottommost_compression_opts.window_bits: -14
I200924 04:45:04.465543 15 storage/rocksdb.go:102                   Options.bottommost_compression_opts.level: 32767
I200924 04:45:04.465549 15 storage/rocksdb.go:102                Options.bottommost_compression_opts.strategy: 0
I200924 04:45:04.465553 15 storage/rocksdb.go:102          Options.bottommost_compression_opts.max_dict_bytes: 0
I200924 04:45:04.465558 15 storage/rocksdb.go:102          Options.bottommost_compression_opts.zstd_max_train_bytes: 0
I200924 04:45:04.465566 15 storage/rocksdb.go:102                   Options.bottommost_compression_opts.enabled: false
I200924 04:45:04.465571 15 storage/rocksdb.go:102             Options.compression_opts.window_bits: -14
I200924 04:45:04.465592 15 storage/rocksdb.go:102                   Options.compression_opts.level: 32767
I200924 04:45:04.465598 15 storage/rocksdb.go:102                Options.compression_opts.strategy: 0
I200924 04:45:04.465604 15 storage/rocksdb.go:102          Options.compression_opts.max_dict_bytes: 0
I200924 04:45:04.465609 15 storage/rocksdb.go:102          Options.compression_opts.zstd_max_train_bytes: 0
I200924 04:45:04.465614 15 storage/rocksdb.go:102                   Options.compression_opts.enabled: false
I200924 04:45:04.465619 15 storage/rocksdb.go:102       Options.level0_file_num_compaction_trigger: 2
I200924 04:45:04.465624 15 storage/rocksdb.go:102           Options.level0_slowdown_writes_trigger: 950
I200924 04:45:04.465630 15 storage/rocksdb.go:102               Options.level0_stop_writes_trigger: 1000
I200924 04:45:04.465635 15 storage/rocksdb.go:102                    Options.target_file_size_base: 4194304
I200924 04:45:04.465640 15 storage/rocksdb.go:102              Options.target_file_size_multiplier: 2
I200924 04:45:04.465646 15 storage/rocksdb.go:102                 Options.max_bytes_for_level_base: 67108864
I200924 04:45:04.465651 15 storage/rocksdb.go:102  Options.level_compaction_dynamic_level_bytes: 1
I200924 04:45:04.465657 15 storage/rocksdb.go:102           Options.max_bytes_for_level_multiplier: 10.000000
I200924 04:45:04.465662 15 storage/rocksdb.go:102  Options.max_bytes_for_level_multiplier_addtl[0]: 1
I200924 04:45:04.465668 15 storage/rocksdb.go:102  Options.max_bytes_for_level_multiplier_addtl[1]: 1
I200924 04:45:04.465673 15 storage/rocksdb.go:102  Options.max_bytes_for_level_multiplier_addtl[2]: 1
I200924 04:45:04.465679 15 storage/rocksdb.go:102  Options.max_bytes_for_level_multiplier_addtl[3]: 1
I200924 04:45:04.465684 15 storage/rocksdb.go:102  Options.max_bytes_for_level_multiplier_addtl[4]: 1
I200924 04:45:04.465690 15 storage/rocksdb.go:102  Options.max_bytes_for_level_multiplier_addtl[5]: 1
I200924 04:45:04.465695 15 storage/rocksdb.go:102  Options.max_bytes_for_level_multiplier_addtl[6]: 1
I200924 04:45:04.465700 15 storage/rocksdb.go:102        Options.max_sequential_skip_in_iterations: 8
I200924 04:45:04.465705 15 storage/rocksdb.go:102                     Options.max_compaction_bytes: 104857600
I200924 04:45:04.465710 15 storage/rocksdb.go:102                         Options.arena_block_size: 8388608
I200924 04:45:04.465716 15 storage/rocksdb.go:102    Options.soft_pending_compaction_bytes_limit: 2199023255552
I200924 04:45:04.465721 15 storage/rocksdb.go:102    Options.hard_pending_compaction_bytes_limit: 4400193994752
I200924 04:45:04.465726 15 storage/rocksdb.go:102        Options.rate_limit_delay_max_milliseconds: 100
I200924 04:45:04.465731 15 storage/rocksdb.go:102                 Options.disable_auto_compactions: 0
I200924 04:45:04.465738 15 storage/rocksdb.go:102                         Options.compaction_style: kCompactionStyleLevel
I200924 04:45:04.465743 15 storage/rocksdb.go:102                           Options.compaction_pri: kMinOverlappingRatio
I200924 04:45:04.465749 15 storage/rocksdb.go:102  Options.compaction_options_universal.size_ratio: 1
I200924 04:45:04.465754 15 storage/rocksdb.go:102  Options.compaction_options_universal.min_merge_width: 2
I200924 04:45:04.465759 15 storage/rocksdb.go:102  Options.compaction_options_universal.max_merge_width: 4294967295
I200924 04:45:04.465764 15 storage/rocksdb.go:102  Options.compaction_options_universal.max_size_amplification_percent: 200
I200924 04:45:04.465769 15 storage/rocksdb.go:102  Options.compaction_options_universal.compression_size_percent: -1
I200924 04:45:04.465775 15 storage/rocksdb.go:102  Options.compaction_options_universal.stop_style: kCompactionStopStyleTotalSize
I200924 04:45:04.465780 15 storage/rocksdb.go:102  Options.compaction_options_fifo.max_table_files_size: 1073741824
I200924 04:45:04.465788 15 storage/rocksdb.go:102  Options.compaction_options_fifo.allow_compaction: 0
I200924 04:45:04.465796 15 storage/rocksdb.go:102                    Options.table_properties_collectors: TimeBoundTblPropCollectorFactory; DeleteRangeTblPropCollectorFactory; 
I200924 04:45:04.465802 15 storage/rocksdb.go:102                    Options.inplace_update_support: 0
I200924 04:45:04.465807 15 storage/rocksdb.go:102                  Options.inplace_update_num_locks: 10000
I200924 04:45:04.465812 15 storage/rocksdb.go:102                Options.memtable_prefix_bloom_size_ratio: 0.000000
I200924 04:45:04.465817 15 storage/rocksdb.go:102                Options.memtable_whole_key_filtering: 0
I200924 04:45:04.465823 15 storage/rocksdb.go:102    Options.memtable_huge_page_size: 0
I200924 04:45:04.465828 15 storage/rocksdb.go:102                            Options.bloom_locality: 0
I200924 04:45:04.465833 15 storage/rocksdb.go:102                     Options.max_successive_merges: 0
I200924 04:45:04.465838 15 storage/rocksdb.go:102                 Options.optimize_filters_for_hits: 1
I200924 04:45:04.465843 15 storage/rocksdb.go:102                 Options.paranoid_file_checks: 0
I200924 04:45:04.465848 15 storage/rocksdb.go:102                 Options.force_consistency_checks: 0
I200924 04:45:04.465853 15 storage/rocksdb.go:102                 Options.report_bg_io_stats: 0
I200924 04:45:04.465858 15 storage/rocksdb.go:102                                Options.ttl: 0
I200924 04:45:04.465864 15 storage/rocksdb.go:102           Options.periodic_compaction_seconds: 0
I200924 04:45:04.467452 15 storage/rocksdb.go:102  [db/version_set.cc:4286] Recovered from manifest file:/Users/sudeepkrishna/inventory-management-project/INVENTORY_COCKROACHDB/cockroach-data/cockroach-temp815632733/MANIFEST-000001 succeeded,manifest_file_number is 1, next_file_number is 3, last_sequence is 0, log_number is 0,prev_log_number is 0,max_column_family is 0,min_log_number_to_keep is 0
I200924 04:45:04.467463 15 storage/rocksdb.go:102  [db/version_set.cc:4295] Column family [default] (ID 0), log number is 0
I200924 04:45:04.473812 15 storage/rocksdb.go:102  DB pointer 0x118b8000
I200924 04:45:04.532343 15 storage/rocksdb.go:102  RocksDB version: 6.2.1
I200924 04:45:04.532355 15 storage/rocksdb.go:102  Git sha rocksdb_build_git_sha:@2512e96f3bf87b3c1b5b0183ed2ec421dc35d0d7@
I200924 04:45:04.532361 15 storage/rocksdb.go:102  Compile date Aug 24 2020
I200924 04:45:04.532367 15 storage/rocksdb.go:102  DB SUMMARY
I200924 04:45:04.532451 15 storage/rocksdb.go:102  CURRENT file:  CURRENT
I200924 04:45:04.532458 15 storage/rocksdb.go:102  IDENTITY file:  IDENTITY
I200924 04:45:04.532474 15 storage/rocksdb.go:102  MANIFEST file:  MANIFEST-000001 size: 13 Bytes
I200924 04:45:04.532482 15 storage/rocksdb.go:102  SST files in /Users/sudeepkrishna/inventory-management-project/INVENTORY_COCKROACHDB/cockroach-data dir, Total Num: 0, files: 
I200924 04:45:04.532489 15 storage/rocksdb.go:102  Write Ahead Log file in /Users/sudeepkrishna/inventory-management-project/INVENTORY_COCKROACHDB/cockroach-data: 000003.log size: 18079835 ; 
I200924 04:45:04.532495 15 storage/rocksdb.go:102                          Options.error_if_exists: 0
I200924 04:45:04.532501 15 storage/rocksdb.go:102                        Options.create_if_missing: 1
I200924 04:45:04.532506 15 storage/rocksdb.go:102                          Options.paranoid_checks: 1
I200924 04:45:04.532511 15 storage/rocksdb.go:102                                      Options.env: 0xa8fe868
I200924 04:45:04.532517 15 storage/rocksdb.go:102                                 Options.info_log: 0x1160d0e0
I200924 04:45:04.532522 15 storage/rocksdb.go:102                 Options.max_file_opening_threads: 16
I200924 04:45:04.532529 15 storage/rocksdb.go:102                               Options.statistics: 0x1160e158
I200924 04:45:04.532534 15 storage/rocksdb.go:102                                Options.use_fsync: 0
I200924 04:45:04.532542 15 storage/rocksdb.go:102                        Options.max_log_file_size: 0
I200924 04:45:04.532552 15 storage/rocksdb.go:102                   Options.max_manifest_file_size: 134217728
I200924 04:45:04.532558 15 storage/rocksdb.go:102                    Options.log_file_time_to_roll: 0
I200924 04:45:04.532563 15 storage/rocksdb.go:102                        Options.keep_log_file_num: 1000
I200924 04:45:04.532568 15 storage/rocksdb.go:102                     Options.recycle_log_file_num: 1
I200924 04:45:04.532574 15 storage/rocksdb.go:102                          Options.allow_fallocate: 1
I200924 04:45:04.532579 15 storage/rocksdb.go:102                         Options.allow_mmap_reads: 0
I200924 04:45:04.532586 15 storage/rocksdb.go:102                        Options.allow_mmap_writes: 0
I200924 04:45:04.532592 15 storage/rocksdb.go:102                         Options.use_direct_reads: 0
I200924 04:45:04.532600 15 storage/rocksdb.go:102                         Options.use_direct_io_for_flush_and_compaction: 0
I200924 04:45:04.532605 15 storage/rocksdb.go:102           Options.create_missing_column_families: 0
I200924 04:45:04.532610 15 storage/rocksdb.go:102                               Options.db_log_dir: 
I200924 04:45:04.532615 15 storage/rocksdb.go:102                                  Options.wal_dir: /Users/sudeepkrishna/inventory-management-project/INVENTORY_COCKROACHDB/cockroach-data
I200924 04:45:04.532621 15 storage/rocksdb.go:102                 Options.table_cache_numshardbits: 6
I200924 04:45:04.532626 15 storage/rocksdb.go:102                       Options.max_subcompactions: 1
I200924 04:45:04.532631 15 storage/rocksdb.go:102                   Options.max_background_flushes: -1
I200924 04:45:04.532636 15 storage/rocksdb.go:102                          Options.WAL_ttl_seconds: 0
I200924 04:45:04.532642 15 storage/rocksdb.go:102                        Options.WAL_size_limit_MB: 0
I200924 04:45:04.532647 15 storage/rocksdb.go:102              Options.manifest_preallocation_size: 4194304
I200924 04:45:04.532652 15 storage/rocksdb.go:102                      Options.is_fd_close_on_exec: 1
I200924 04:45:04.532658 15 storage/rocksdb.go:102                    Options.advise_random_on_open: 1
I200924 04:45:04.532664 15 storage/rocksdb.go:102                     Options.db_write_buffer_size: 0
I200924 04:45:04.532670 15 storage/rocksdb.go:102                     Options.write_buffer_manager: 0x1169d030
I200924 04:45:04.532676 15 storage/rocksdb.go:102          Options.access_hint_on_compaction_start: 1
I200924 04:45:04.532681 15 storage/rocksdb.go:102   Options.new_table_reader_for_compaction_inputs: 0
I200924 04:45:04.532686 15 storage/rocksdb.go:102            Options.random_access_max_buffer_size: 1048576
I200924 04:45:04.532691 15 storage/rocksdb.go:102                       Options.use_adaptive_mutex: 0
I200924 04:45:04.532697 15 storage/rocksdb.go:102                             Options.rate_limiter: 0x0
I200924 04:45:04.532702 15 storage/rocksdb.go:102      Options.sst_file_manager.rate_bytes_per_sec: 0
I200924 04:45:04.532708 15 storage/rocksdb.go:102                        Options.wal_recovery_mode: 0
I200924 04:45:04.532715 15 storage/rocksdb.go:102                   Options.enable_thread_tracking: 0
I200924 04:45:04.532720 15 storage/rocksdb.go:102                   Options.enable_pipelined_write: 0
I200924 04:45:04.532725 15 storage/rocksdb.go:102          Options.allow_concurrent_memtable_write: 1
I200924 04:45:04.532730 15 storage/rocksdb.go:102       Options.enable_write_thread_adaptive_yield: 1
I200924 04:45:04.532735 15 storage/rocksdb.go:102              Options.write_thread_max_yield_usec: 100
I200924 04:45:04.532740 15 storage/rocksdb.go:102             Options.write_thread_slow_yield_usec: 3
I200924 04:45:04.532746 15 storage/rocksdb.go:102                                Options.row_cache: None
I200924 04:45:04.532753 15 storage/rocksdb.go:102                               Options.wal_filter: None
I200924 04:45:04.532758 15 storage/rocksdb.go:102              Options.avoid_flush_during_recovery: 0
I200924 04:45:04.532763 15 storage/rocksdb.go:102              Options.allow_ingest_behind: 0
I200924 04:45:04.532770 15 storage/rocksdb.go:102              Options.preserve_deletes: 0
I200924 04:45:04.532775 15 storage/rocksdb.go:102              Options.two_write_queues: 0
I200924 04:45:04.532781 15 storage/rocksdb.go:102              Options.manual_wal_flush: 1
I200924 04:45:04.532786 15 storage/rocksdb.go:102              Options.atomic_flush: 0
I200924 04:45:04.532791 15 storage/rocksdb.go:102              Options.avoid_unnecessary_blocking_io: 0
I200924 04:45:04.532797 15 storage/rocksdb.go:102              Options.max_background_jobs: 4
I200924 04:45:04.532802 15 storage/rocksdb.go:102              Options.max_background_compactions: -1
I200924 04:45:04.532807 15 storage/rocksdb.go:102              Options.avoid_flush_during_shutdown: 0
I200924 04:45:04.532813 15 storage/rocksdb.go:102            Options.writable_file_max_buffer_size: 1048576
I200924 04:45:04.532817 15 storage/rocksdb.go:102              Options.delayed_write_rate : 16777216
I200924 04:45:04.532826 15 storage/rocksdb.go:102              Options.max_total_wal_size: 0
I200924 04:45:04.532832 15 storage/rocksdb.go:102              Options.delete_obsolete_files_period_micros: 21600000000
I200924 04:45:04.532837 15 storage/rocksdb.go:102                    Options.stats_dump_period_sec: 0
I200924 04:45:04.532843 15 storage/rocksdb.go:102                  Options.stats_persist_period_sec: 600
I200924 04:45:04.532850 15 storage/rocksdb.go:102                  Options.stats_history_buffer_size: 1048576
I200924 04:45:04.532855 15 storage/rocksdb.go:102                           Options.max_open_files: 9984
I200924 04:45:04.532860 15 storage/rocksdb.go:102                           Options.bytes_per_sync: 524288
I200924 04:45:04.532868 15 storage/rocksdb.go:102                       Options.wal_bytes_per_sync: 0
I200924 04:45:04.532875 15 storage/rocksdb.go:102                    Options.strict_bytes_per_sync: 1
I200924 04:45:04.532880 15 storage/rocksdb.go:102        Options.compaction_readahead_size: 0
I200924 04:45:04.532886 15 storage/rocksdb.go:102  Compression algorithms supported:
I200924 04:45:04.532892 15 storage/rocksdb.go:102  	kZSTD supported: 0
I200924 04:45:04.532899 15 storage/rocksdb.go:102  	kZlibCompression supported: 0
I200924 04:45:04.532904 15 storage/rocksdb.go:102  	kXpressCompression supported: 0
I200924 04:45:04.532910 15 storage/rocksdb.go:102  	kSnappyCompression supported: 1
I200924 04:45:04.532915 15 storage/rocksdb.go:102  	kZSTDNotFinalCompression supported: 0
I200924 04:45:04.532920 15 storage/rocksdb.go:102  	kLZ4HCCompression supported: 0
I200924 04:45:04.532927 15 storage/rocksdb.go:102  	kLZ4Compression supported: 0
I200924 04:45:04.532934 15 storage/rocksdb.go:102  	kBZip2Compression supported: 0
I200924 04:45:04.532944 15 storage/rocksdb.go:102  Fast CRC32 supported: Supported on x86
I200924 04:45:04.533275 15 storage/rocksdb.go:102  [db/version_set.cc:4072] Recovering from manifest file: /Users/sudeepkrishna/inventory-management-project/INVENTORY_COCKROACHDB/cockroach-data/MANIFEST-000001
I200924 04:45:04.533386 15 storage/rocksdb.go:102  [db/column_family.cc:488] --------------- Options for column family [default]:
I200924 04:45:04.533394 15 storage/rocksdb.go:102                Options.comparator: cockroach_comparator
I200924 04:45:04.533437 15 storage/rocksdb.go:102            Options.merge_operator: cockroach_merge_operator
I200924 04:45:04.533447 15 storage/rocksdb.go:102         Options.compaction_filter: None
I200924 04:45:04.533455 15 storage/rocksdb.go:102         Options.compaction_filter_factory: None
I200924 04:45:04.533463 15 storage/rocksdb.go:102          Options.memtable_factory: SkipListFactory
I200924 04:45:04.533469 15 storage/rocksdb.go:102             Options.table_factory: BlockBasedTable
I200924 04:45:04.533523 15 storage/rocksdb.go:102             table_factory options:   flush_block_policy_factory: FlushBlockBySizePolicyFactory (0x1162b028)
  cache_index_and_filter_blocks: 0
  cache_index_and_filter_blocks_with_high_priority: 0
  pin_l0_filter_and_index_blocks_in_cache: 0
  pin_top_level_index_and_filter: 1
  index_type: 0
  data_block_index_type: 0
  index_shortening: 1
  data_block_hash_table_util_ratio: 0.750000
  hash_index_allow_collision: 1
  checksum: 1
  no_block_cache: 0
  block_cache: 0x1160e018
  block_cache_name: LRUCache
  block_cache_options:
    capacity : 67108864
    num_shard_bits : 4
    strict_capacity_limit : 0
    memory_allocator : None
    high_pri_pool_ratio: 0.000
  block_cache_compressed: 0x0
  persistent_cache: 0x0
  block_size: 32768
  block_size_deviation: 10
  block_restart_interval: 16
  index_block_restart_interval: 1
  metadata_block_size: 4096
  partition_filters: 0
  use_delta_encoding: 1
  filter_policy: rocksdb.BuiltinBloomFilter
  whole_key_filtering: 0
  verify_compression: 0
  read_amp_bytes_per_bit: 0
  format_version: 2
  enable_index_compression: 1
  block_align: 0
I200924 04:45:04.533540 15 storage/rocksdb.go:102         Options.write_buffer_size: 67108864
I200924 04:45:04.533548 15 storage/rocksdb.go:102   Options.max_write_buffer_number: 4
I200924 04:45:04.533553 15 storage/rocksdb.go:102           Options.compression: Snappy
I200924 04:45:04.533561 15 storage/rocksdb.go:102                   Options.bottommost_compression: Disabled
I200924 04:45:04.533566 15 storage/rocksdb.go:102        Options.prefix_extractor: cockroach_prefix_extractor
I200924 04:45:04.533573 15 storage/rocksdb.go:102    Options.memtable_insert_with_hint_prefix_extractor: nullptr
I200924 04:45:04.533578 15 storage/rocksdb.go:102              Options.num_levels: 7
I200924 04:45:04.533583 15 storage/rocksdb.go:102         Options.min_write_buffer_number_to_merge: 1
I200924 04:45:04.533588 15 storage/rocksdb.go:102      Options.max_write_buffer_number_to_maintain: 0
I200924 04:45:04.533593 15 storage/rocksdb.go:102             Options.bottommost_compression_opts.window_bits: -14
I200924 04:45:04.533600 15 storage/rocksdb.go:102                   Options.bottommost_compression_opts.level: 32767
I200924 04:45:04.533607 15 storage/rocksdb.go:102                Options.bottommost_compression_opts.strategy: 0
I200924 04:45:04.533613 15 storage/rocksdb.go:102          Options.bottommost_compression_opts.max_dict_bytes: 0
I200924 04:45:04.533618 15 storage/rocksdb.go:102          Options.bottommost_compression_opts.zstd_max_train_bytes: 0
I200924 04:45:04.533624 15 storage/rocksdb.go:102                   Options.bottommost_compression_opts.enabled: false
I200924 04:45:04.533629 15 storage/rocksdb.go:102             Options.compression_opts.window_bits: -14
I200924 04:45:04.533633 15 storage/rocksdb.go:102                   Options.compression_opts.level: 32767
I200924 04:45:04.533638 15 storage/rocksdb.go:102                Options.compression_opts.strategy: 0
I200924 04:45:04.533645 15 storage/rocksdb.go:102          Options.compression_opts.max_dict_bytes: 0
I200924 04:45:04.533650 15 storage/rocksdb.go:102          Options.compression_opts.zstd_max_train_bytes: 0
I200924 04:45:04.533657 15 storage/rocksdb.go:102                   Options.compression_opts.enabled: false
I200924 04:45:04.533662 15 storage/rocksdb.go:102       Options.level0_file_num_compaction_trigger: 2
I200924 04:45:04.533667 15 storage/rocksdb.go:102           Options.level0_slowdown_writes_trigger: 950
I200924 04:45:04.533672 15 storage/rocksdb.go:102               Options.level0_stop_writes_trigger: 1000
I200924 04:45:04.533676 15 storage/rocksdb.go:102                    Options.target_file_size_base: 4194304
I200924 04:45:04.533681 15 storage/rocksdb.go:102              Options.target_file_size_multiplier: 2
I200924 04:45:04.533707 15 storage/rocksdb.go:102                 Options.max_bytes_for_level_base: 67108864
I200924 04:45:04.533713 15 storage/rocksdb.go:102  Options.level_compaction_dynamic_level_bytes: 1
I200924 04:45:04.533728 15 storage/rocksdb.go:102           Options.max_bytes_for_level_multiplier: 10.000000
I200924 04:45:04.533738 15 storage/rocksdb.go:102  Options.max_bytes_for_level_multiplier_addtl[0]: 1
I200924 04:45:04.533746 15 storage/rocksdb.go:102  Options.max_bytes_for_level_multiplier_addtl[1]: 1
I200924 04:45:04.533755 15 storage/rocksdb.go:102  Options.max_bytes_for_level_multiplier_addtl[2]: 1
I200924 04:45:04.533760 15 storage/rocksdb.go:102  Options.max_bytes_for_level_multiplier_addtl[3]: 1
I200924 04:45:04.533765 15 storage/rocksdb.go:102  Options.max_bytes_for_level_multiplier_addtl[4]: 1
I200924 04:45:04.533770 15 storage/rocksdb.go:102  Options.max_bytes_for_level_multiplier_addtl[5]: 1
I200924 04:45:04.533775 15 storage/rocksdb.go:102  Options.max_bytes_for_level_multiplier_addtl[6]: 1
I200924 04:45:04.533780 15 storage/rocksdb.go:102        Options.max_sequential_skip_in_iterations: 8
I200924 04:45:04.533785 15 storage/rocksdb.go:102                     Options.max_compaction_bytes: 104857600
I200924 04:45:04.533789 15 storage/rocksdb.go:102                         Options.arena_block_size: 8388608
I200924 04:45:04.533794 15 storage/rocksdb.go:102    Options.soft_pending_compaction_bytes_limit: 2199023255552
I200924 04:45:04.533799 15 storage/rocksdb.go:102    Options.hard_pending_compaction_bytes_limit: 4400193994752
I200924 04:45:04.533804 15 storage/rocksdb.go:102        Options.rate_limit_delay_max_milliseconds: 100
I200924 04:45:04.533809 15 storage/rocksdb.go:102                 Options.disable_auto_compactions: 0
I200924 04:45:04.533814 15 storage/rocksdb.go:102                         Options.compaction_style: kCompactionStyleLevel
I200924 04:45:04.533819 15 storage/rocksdb.go:102                           Options.compaction_pri: kMinOverlappingRatio
I200924 04:45:04.533824 15 storage/rocksdb.go:102  Options.compaction_options_universal.size_ratio: 1
I200924 04:45:04.533828 15 storage/rocksdb.go:102  Options.compaction_options_universal.min_merge_width: 2
I200924 04:45:04.533833 15 storage/rocksdb.go:102  Options.compaction_options_universal.max_merge_width: 4294967295
I200924 04:45:04.533838 15 storage/rocksdb.go:102  Options.compaction_options_universal.max_size_amplification_percent: 200
I200924 04:45:04.533843 15 storage/rocksdb.go:102  Options.compaction_options_universal.compression_size_percent: -1
I200924 04:45:04.533850 15 storage/rocksdb.go:102  Options.compaction_options_universal.stop_style: kCompactionStopStyleTotalSize
I200924 04:45:04.533855 15 storage/rocksdb.go:102  Options.compaction_options_fifo.max_table_files_size: 1073741824
I200924 04:45:04.533871 15 storage/rocksdb.go:102  Options.compaction_options_fifo.allow_compaction: 0
I200924 04:45:04.533889 15 storage/rocksdb.go:102                    Options.table_properties_collectors: TimeBoundTblPropCollectorFactory; DeleteRangeTblPropCollectorFactory; 
I200924 04:45:04.533896 15 storage/rocksdb.go:102                    Options.inplace_update_support: 0
I200924 04:45:04.533901 15 storage/rocksdb.go:102                  Options.inplace_update_num_locks: 10000
I200924 04:45:04.533918 15 storage/rocksdb.go:102                Options.memtable_prefix_bloom_size_ratio: 0.000000
I200924 04:45:04.533927 15 storage/rocksdb.go:102                Options.memtable_whole_key_filtering: 0
I200924 04:45:04.533932 15 storage/rocksdb.go:102    Options.memtable_huge_page_size: 0
I200924 04:45:04.533937 15 storage/rocksdb.go:102                            Options.bloom_locality: 0
I200924 04:45:04.533942 15 storage/rocksdb.go:102                     Options.max_successive_merges: 0
I200924 04:45:04.533947 15 storage/rocksdb.go:102                 Options.optimize_filters_for_hits: 1
I200924 04:45:04.533952 15 storage/rocksdb.go:102                 Options.paranoid_file_checks: 0
I200924 04:45:04.533957 15 storage/rocksdb.go:102                 Options.force_consistency_checks: 0
I200924 04:45:04.533962 15 storage/rocksdb.go:102                 Options.report_bg_io_stats: 0
I200924 04:45:04.533967 15 storage/rocksdb.go:102                                Options.ttl: 0
I200924 04:45:04.533972 15 storage/rocksdb.go:102           Options.periodic_compaction_seconds: 0
I200924 04:45:04.534776 15 storage/rocksdb.go:102  [db/version_set.cc:4286] Recovered from manifest file:/Users/sudeepkrishna/inventory-management-project/INVENTORY_COCKROACHDB/cockroach-data/MANIFEST-000001 succeeded,manifest_file_number is 1, next_file_number is 3, last_sequence is 0, log_number is 0,prev_log_number is 0,max_column_family is 0,min_log_number_to_keep is 0
I200924 04:45:04.534785 15 storage/rocksdb.go:102  [db/version_set.cc:4295] Column family [default] (ID 0), log number is 0
I200924 04:45:04.535208 15 storage/rocksdb.go:102  EVENT_LOG_v1 {"time_micros": 1600922704535181, "job": 1, "event": "recovery_started", "log_files": [3]}
I200924 04:45:04.535219 15 storage/rocksdb.go:102  [db/db_impl_open.cc:598] Recovering log #3 mode 0
I200924 04:45:04.743350 15 storage/rocksdb.go:102  EVENT_LOG_v1 {"time_micros": 1600922704743288, "cf_name": "default", "job": 1, "event": "table_file_creation", "file_number": 4, "file_size": 363989, "table_properties": {"data_size": 353849, "index_size": 1858, "index_partitions": 0, "top_level_index_size": 0, "index_key_is_user_key": 0, "index_value_is_delta_encoded": 0, "filter_size": 7877, "raw_key_size": 251648, "raw_average_key_size": 31, "raw_value_size": 1277480, "raw_average_value_size": 160, "num_data_blocks": 42, "num_entries": 7970, "num_deletions": 3896, "num_merge_operands": 692, "num_range_deletions": 692, "format_version": 0, "fixed_key_len": 0, "filter_policy": "rocksdb.BuiltinBloomFilter", "column_family_name": "default", "column_family_id": 0, "comparator": "cockroach_comparator", "merge_operator": "cockroach_merge_operator", "prefix_extractor_name": "cockroach_prefix_extractor", "property_collectors": "[TimeBoundTblPropCollectorFactory,DeleteRangeTblPropCollectorFactory]", "compression": "Snappy", "compression_options": "window_bits=-14; level=32767; strategy=0; max_dict_bytes=0; zstd_max_train_bytes=0; enabled=0; ", "creation_time": 1600922704, "oldest_key_time": 3, "file_creation_time": 0}}
I200924 04:45:04.745898 15 storage/rocksdb.go:102  [db/version_set.cc:3560] Creating manifest 5
I200924 04:45:04.746942 15 storage/rocksdb.go:102  EVENT_LOG_v1 {"time_micros": 1600922704746917, "job": 1, "event": "recovery_finished"}
I200924 04:45:04.760661 15 storage/rocksdb.go:102  DB pointer 0x116b5000
I200924 04:45:11.088546 17 storage/rocksdb.go:102  [db/compaction_job.cc:1647] [default] [JOB 3] Compacting 1@0 files to L0, score 0.00
I200924 04:45:11.088599 17 storage/rocksdb.go:102  [db/compaction_job.cc:1651] [default] Compaction start summary: Base version 2 Base level 0, inputs: [4(355KB)]
I200924 04:45:11.088692 17 storage/rocksdb.go:102  EVENT_LOG_v1 {"time_micros": 1600922711088632, "job": 3, "event": "compaction_started", "compaction_reason": "BottommostFiles", "files_L0": [4], "score": 0, "input_data_size": 363989}
I200924 04:45:11.110224 17 storage/rocksdb.go:102  [db/compaction_job.cc:1334] [default] [JOB 3] Generated table #9: 4074 keys, 303426 bytes
I200924 04:45:11.110309 17 storage/rocksdb.go:102  EVENT_LOG_v1 {"time_micros": 1600922711110239, "cf_name": "default", "job": 3, "event": "table_file_creation", "file_number": 9, "file_size": 303426, "table_properties": {"data_size": 301429, "index_size": 1684, "index_partitions": 0, "top_level_index_size": 0, "index_key_is_user_key": 0, "index_value_is_delta_encoded": 0, "filter_size": 0, "raw_key_size": 141236, "raw_average_key_size": 34, "raw_value_size": 1259957, "raw_average_value_size": 309, "num_data_blocks": 39, "num_entries": 4074, "num_deletions": 0, "num_merge_operands": 0, "num_range_deletions": 0, "format_version": 0, "fixed_key_len": 0, "filter_policy": "rocksdb.BuiltinBloomFilter", "column_family_name": "default", "column_family_id": 0, "comparator": "cockroach_comparator", "merge_operator": "cockroach_merge_operator", "prefix_extractor_name": "cockroach_prefix_extractor", "property_collectors": "[TimeBoundTblPropCollectorFactory,DeleteRangeTblPropCollectorFactory]", "compression": "Snappy", "compression_options": "window_bits=-14; level=32767; strategy=0; max_dict_bytes=0; zstd_max_train_bytes=0; enabled=0; ", "creation_time": 1600922704, "oldest_key_time": 0, "file_creation_time": 1600922711}}
I200924 04:45:11.110535 17 storage/rocksdb.go:102  [db/compaction_job.cc:1397] [default] [JOB 3] Compacted 1@0 files to L0 => 303426 bytes
I200924 04:45:11.111161 17 storage/rocksdb.go:102  (Original Log Time 2020/09/24-10:15:11.110800) [db/compaction_job.cc:770] [default] compacted to: files[1 0 0 0 0 0 0] max score 0.50, MB/sec: 16.8 rd, 14.0 wr, level 0, files in(0, 1) out(1) MB in(0.0, 0.3) out(0.3), read-write-amplify(0.0) write-amplify(0.0) OK, records in: 7970, records dropped: 3896 output_compression: Snappy
I200924 04:45:11.111181 17 storage/rocksdb.go:102  (Original Log Time 2020/09/24-10:15:11.110826) EVENT_LOG_v1 {"time_micros": 1600922711110807, "job": 3, "event": "compaction_finished", "compaction_time_micros": 21666, "compaction_time_cpu_micros": 0, "output_level": 0, "num_output_files": 1, "total_output_size": 303426, "num_input_records": 7970, "num_output_records": 4074, "num_subcompactions": 1, "output_compression": "Snappy", "num_single_delete_mismatches": 0, "num_single_delete_fallthrough": 0, "lsm_state": [1, 0, 0, 0, 0, 0, 0]}
I200924 04:45:11.111408 17 storage/rocksdb.go:102  EVENT_LOG_v1 {"time_micros": 1600922711111367, "job": 3, "event": "table_file_deletion", "file_number": 4}
