I200923 08:01:11.090235 1 util/log/sync_buffer.go:70  [config] file created at: 2020/09/23 08:01:11
I200923 08:01:11.090235 1 util/log/sync_buffer.go:70  [config] running on machine: Sudeeps-MacBook-Pro
I200923 08:01:11.090235 1 util/log/sync_buffer.go:70  [config] binary: CockroachDB CCL v20.1.5 (x86_64-apple-darwin14, built 2020/08/24 19:48:13, go1.13.9)
I200923 08:01:11.090235 1 util/log/sync_buffer.go:70  [config] arguments: [cockroach start-single-node --insecure]
I200923 08:01:11.090235 1 util/log/sync_buffer.go:70  line format: [IWEF]yymmdd hh:mm:ss.uuuuuu goid file:line msg utf8=✓
I200923 08:01:11.090234 1 cli/start.go:1223  logging to directory /Users/sudeepkrishna/inventory-management-project/INVENTORY_COCKROACHDB/cockroach-data/logs
W200923 08:01:11.096857 1 cli/start.go:1272  RUNNING IN INSECURE MODE!

- Your cluster is open for any client that can access <all your IP addresses>.
- Any user, even root, can log in without providing a password.
- Any user, connecting as root, can read or write any data in your cluster.
- There is no network encryption nor authentication, and thus no confidentiality.

Check out how to secure your cluster: https://www.cockroachlabs.com/docs/v20.1/secure-a-cluster.html
W200923 08:01:11.097255 1 cli/start.go:1144  Using the default setting for --cache (128 MiB).
  A significantly larger value is usually needed for good performance.
  If you have a dedicated server a reasonable setting is --cache=.25 (2.0 GiB).
I200923 08:01:11.097283 1 cli/start.go:1286  CockroachDB CCL v20.1.5 (x86_64-apple-darwin14, built 2020/08/24 19:48:13, go1.13.9)
I200923 08:01:11.101167 1 server/config.go:404  system total memory: 8.0 GiB
I200923 08:01:11.101212 1 server/config.go:406  server configuration:
max offset             500000000
cache size             128 MiB
SQL memory pool size   2.0 GiB
scan interval          10m0s
scan min idle time     10ms
scan max idle time     1s
event log enabled      true
I200923 08:01:11.101248 1 cli/start.go:1129  process identity: uid 501 euid 501 gid 20 egid 20
I200923 08:01:11.102301 1 cli/start.go:697  starting cockroach node
I200923 08:01:11.296599 57 storage/rocksdb.go:606  opening rocksdb instance at "/Users/sudeepkrishna/inventory-management-project/INVENTORY_COCKROACHDB/cockroach-data/cockroach-temp583879273"
I200923 08:01:11.353438 57 server/server.go:1066  [n?] monitoring forward clock jumps based on server.clock.forward_jump_check_enabled
W200923 08:01:11.356469 57 server/config_unix.go:112  soft open file descriptor limit 10240 is under the recommended limit 15000; this may decrease performance
please see https://www.cockroachlabs.com/docs/v20.1/recommended-production-settings.html for more details
I200923 08:01:11.356585 57 storage/rocksdb.go:606  opening rocksdb instance at "/Users/sudeepkrishna/inventory-management-project/INVENTORY_COCKROACHDB/cockroach-data"
I200923 08:01:11.361905 57 server/config.go:578  [n?] 1 storage engine initialized
I200923 08:01:11.361922 57 server/config.go:581  [n?] RocksDB cache size: 128 MiB
I200923 08:01:11.361932 57 server/config.go:581  [n?] store 0: RocksDB, max size 0 B, max open file limit 9984
I200923 08:01:11.365012 57 server/server.go:1514  [n?] no stores bootstrapped and --join flag specified, awaiting init command or join with an already initialized node.
I200923 08:01:11.365047 57 server/server.go:1524  [n?] **** add additional nodes by specifying --join=Sudeeps-MacBook-Pro.local:26257
W200923 08:01:11.365378 125 cli/start.go:1068  neither --listen-addr nor --advertise-addr was specified.
The server will advertise "Sudeeps-MacBook-Pro.local" to other nodes, is this routable?

Consider using:
- for local-only servers:  --listen-addr=localhost
- for multi-node clusters: --advertise-addr=<host/IP addr>
I200923 08:01:11.407111 57 server/node.go:324  [n?] **** cluster 8022429f-0c34-48fd-b325-881edc1711bf has been created
I200923 08:01:11.425337 57 gossip/gossip.go:395  [n1] NodeDescriptor set to node_id:1 address:<network_field:"tcp" address_field:"Sudeeps-MacBook-Pro.local:26257" > attrs:<> locality:<> ServerVersion:<major_val:20 minor_val:1 patch:0 unstable:0 > build_tag:"v20.1.5" started_at:1600848071424312000 cluster_name:"" sql_address:<network_field:"tcp" address_field:"Sudeeps-MacBook-Pro.local:26257" > 
I200923 08:01:11.442175 57 server/node.go:428  [n1] initialized store [n1,s1]: disk (capacity=234 GiB, available=118 GiB, used=78 KiB, logicalBytes=16 KiB), ranges=32, leases=0, queries=0.00, writes=0.00, bytesPerReplica={p10=0.00 p25=0.00 p50=0.00 p75=0.00 p90=166.00 pMax=13304.00}, writesPerReplica={p10=0.00 p25=0.00 p50=0.00 p75=0.00 p90=0.00 pMax=0.00}
I200923 08:01:11.442452 57 kv/kvserver/stores.go:247  [n1] read 0 node addresses from persistent storage
I200923 08:01:11.442814 57 server/node.go:649  [n1] connecting to gossip network to verify cluster ID...
I200923 08:01:11.442830 57 server/node.go:669  [n1] node connected via gossip and verified as part of cluster "8022429f-0c34-48fd-b325-881edc1711bf"
I200923 08:01:11.442884 57 server/node.go:512  [n1] node=1: started with [<no-attributes>=/Users/sudeepkrishna/inventory-management-project/INVENTORY_COCKROACHDB/cockroach-data] engine(s) and attributes []
W200923 08:01:11.448577 214 kv/kvserver/store.go:1631  [n1,s1,r6/1:/Table/{SystemCon…-11}] could not gossip system config: [NotLeaseHolderError] r6: replica (n1,s1):1 not lease holder; lease holder unknown
I200923 08:01:11.449080 57 server/server.go:1630  [n1] starting http server at [::]:8080 (use: Sudeeps-MacBook-Pro.local:8080)
I200923 08:01:11.449100 57 server/server.go:1637  [n1] starting grpc/postgres server at [::]:26257
I200923 08:01:11.449112 57 server/server.go:1638  [n1] advertising CockroachDB node at Sudeeps-MacBook-Pro.local:26257
I200923 08:01:11.451183 242 sql/temporary_schema.go:452  [n1] skipping temporary object cleanup run as it is not the leaseholder
I200923 08:01:11.451475 242 sql/temporary_schema.go:453  [n1] completed temporary object cleanup job
I200923 08:01:11.451491 242 sql/temporary_schema.go:575  [n1] temporary object cleaner next scheduled to run at 2020-09-23 08:31:11.443343 +0000 UTC
W200923 08:01:11.500749 214 kv/kvserver/store.go:1631  [n1,s1,r6/1:/Table/{SystemCon…-11}] could not gossip system config: [NotLeaseHolderError] r6: replica (n1,s1):1 not lease holder; lease holder unknown
I200923 08:01:11.601155 73 sql/event_log.go:132  [n1,intExec=optInToDiagnosticsStatReporting] Event: "set_cluster_setting", target: 0, info: {SettingName:diagnostics.reporting.enabled Value:true User:root}
I200923 08:01:11.610565 451 sql/event_log.go:132  [n1,intExec=set-setting] Event: "set_cluster_setting", target: 0, info: {SettingName:version Value:20.1 User:root}
I200923 08:01:11.624417 712 sql/event_log.go:132  [n1,intExec=initializeClusterSecret] Event: "set_cluster_setting", target: 0, info: {SettingName:cluster.secret Value:8222d7bb-272a-4eea-9a0b-661d7b744b12 User:root}
I200923 08:01:11.630000 818 sql/event_log.go:132  [n1,intExec=create-default-db] Event: "create_database", target: 50, info: {DatabaseName:defaultdb Statement:CREATE DATABASE IF NOT EXISTS defaultdb User:root}
I200923 08:01:11.632445 823 sql/event_log.go:132  [n1,intExec=create-default-db] Event: "create_database", target: 51, info: {DatabaseName:postgres Statement:CREATE DATABASE IF NOT EXISTS postgres User:root}
I200923 08:01:11.645071 57 server/server.go:1798  [n1] done ensuring all necessary migrations have run
I200923 08:01:11.645090 57 server/server.go:2040  [n1] serving sql connections
I200923 08:01:11.645116 849 sqlmigrations/migrations.go:668  [n1] starting wait for upgrade finalization before schema change job migration
I200923 08:01:11.645218 849 sqlmigrations/migrations.go:700  [n1] starting schema change job migration
I200923 08:01:11.652384 847 server/server_update.go:55  [n1] no need to upgrade, cluster already at the newest version
I200923 08:01:11.659063 849 sqlmigrations/migrations.go:1124  [schema-change-job-migration] evaluating tables for creating jobs
I200923 08:01:11.659150 849 sqlmigrations/migrations.go:719  [n1] schema change job migration completed
I200923 08:01:11.659405 978 sql/event_log.go:132  [n1] Event: "node_join", target: 1, info: {Descriptor:{NodeID:1 Address:Sudeeps-MacBook-Pro.local:26257 Attrs: Locality: ServerVersion:20.1 BuildTag:v20.1.5 StartedAt:1600848071424312000 LocalityAddress:[] ClusterName: SQLAddress:Sudeeps-MacBook-Pro.local:26257} ClusterID:8022429f-0c34-48fd-b325-881edc1711bf StartedAt:1600848071424312000 LastUp:1600848071424312000}
I200923 08:01:11.672019 1028 sql/event_log.go:132  [intExec=set-zone] Event: "set_zone_config", target: 0, info: {Target:RANGE default Config: Options:num_replicas = 1 User:root}
I200923 08:01:11.675411 986 sql/event_log.go:132  [intExec=set-zone] Event: "set_zone_config", target: 1, info: {Target:DATABASE system Config: Options:num_replicas = 1 User:root}
I200923 08:01:11.679996 998 sql/event_log.go:132  [intExec=set-zone] Event: "set_zone_config", target: 16, info: {Target:RANGE meta Config: Options:num_replicas = 1 User:root}
I200923 08:01:11.683609 1144 sql/event_log.go:132  [intExec=set-zone] Event: "set_zone_config", target: 17, info: {Target:RANGE system Config: Options:num_replicas = 1 User:root}
I200923 08:01:11.686282 992 sql/event_log.go:132  [intExec=set-zone] Event: "set_zone_config", target: 22, info: {Target:RANGE liveness Config: Options:num_replicas = 1 User:root}
I200923 08:01:11.704804 1362 sql/event_log.go:132  [intExec=set-zone] Event: "set_zone_config", target: 25, info: {Target:TABLE system.public.replication_constraint_stats Config: Options:num_replicas = 1 User:root}
I200923 08:01:11.714217 1383 sql/event_log.go:132  [intExec=set-zone] Event: "set_zone_config", target: 27, info: {Target:TABLE system.public.replication_stats Config: Options:num_replicas = 1 User:root}
I200923 08:01:11.714309 57 cli/start.go:790  Replication was disabled for this cluster.
When/if adding nodes in the future, update zone configurations to increase the replication factor.
I200923 08:01:11.714397 57 cli/start.go:857  [config] clusterID: 8022429f-0c34-48fd-b325-881edc1711bf
I200923 08:01:11.714428 57 cli/start.go:866  node startup completed:
CockroachDB node starting at 2020-09-23 08:01:11.714312 +0000 UTC (took 0.6s)
build:               CCL v20.1.5 @ 2020/08/24 19:48:13 (go1.13.9)
webui:               http://Sudeeps-MacBook-Pro.local:8080
sql:                 postgresql://root@Sudeeps-MacBook-Pro.local:26257?sslmode=disable
RPC client flags:    cockroach <client cmd> --host=Sudeeps-MacBook-Pro.local:26257 --insecure
logs:                /Users/sudeepkrishna/inventory-management-project/INVENTORY_COCKROACHDB/cockroach-data/logs
temp dir:            /Users/sudeepkrishna/inventory-management-project/INVENTORY_COCKROACHDB/cockroach-data/cockroach-temp583879273
external I/O path:   /Users/sudeepkrishna/inventory-management-project/INVENTORY_COCKROACHDB/cockroach-data/extern
store[0]:            path=/Users/sudeepkrishna/inventory-management-project/INVENTORY_COCKROACHDB/cockroach-data
storage engine:      rocksdb
status:              initialized new cluster
clusterID:           8022429f-0c34-48fd-b325-881edc1711bf
nodeID:              1
I200923 08:01:13.811869 123 gossip/gossip.go:1527  [n1] node has connected to cluster via gossip
I200923 08:01:13.812066 123 kv/kvserver/stores.go:266  [n1] wrote 0 node addresses to persistent storage
W200923 08:01:21.454763 244 server/status/runtime.go:420  [n1] unable to get file descriptor usage (will not try again): not implemented on darwin
I200923 08:01:21.474772 244 server/status/runtime.go:498  [n1] runtime stats: 89 MiB RSS, 184 goroutines, 71 MiB/50 MiB/87 MiB GO alloc/idle/total, 16 MiB/23 MiB CGO alloc/total, 0.0 CGO/sec, 0.0/0.0 %(u/s)time, 0.0 %gc (9x), 26 KiB/30 KiB (r/w)net
I200923 08:01:31.450034 222 kv/kvserver/store.go:2474  [n1,s1] sstables (read amplification = 0):
I200923 08:01:31.450481 222 kv/kvserver/store.go:2475  [n1,s1] 
** Compaction Stats [default] **
Level    Files   Size     Score Read(GB)  Rn(GB) Rnp1(GB) Write(GB) Wnew(GB) Moved(GB) W-Amp Rd(MB/s) Wr(MB/s) Comp(sec) CompMergeCPU(sec) Comp(cnt) Avg(sec) KeyIn KeyDrop
----------------------------------------------------------------------------------------------------------------------------------------------------------------------------
 Sum      0/0    0.00 KB   0.0      0.0     0.0      0.0       0.0      0.0       0.0   0.0      0.0      0.0      0.00              0.00         0    0.000       0      0
 Int      0/0    0.00 KB   0.0      0.0     0.0      0.0       0.0      0.0       0.0   0.0      0.0      0.0      0.00              0.00         0    0.000       0      0

** Compaction Stats [default] **
Priority    Files   Size     Score Read(GB)  Rn(GB) Rnp1(GB) Write(GB) Wnew(GB) Moved(GB) W-Amp Rd(MB/s) Wr(MB/s) Comp(sec) CompMergeCPU(sec) Comp(cnt) Avg(sec) KeyIn KeyDrop
-------------------------------------------------------------------------------------------------------------------------------------------------------------------------------
Uptime(secs): 20.1 total, 20.1 interval
Flush(GB): cumulative 0.000, interval 0.000
AddFile(GB): cumulative 0.000, interval 0.000
AddFile(Total Files): cumulative 0, interval 0
AddFile(L0 Files): cumulative 0, interval 0
AddFile(Keys): cumulative 0, interval 0
Cumulative compaction: 0.00 GB write, 0.00 MB/s write, 0.00 GB read, 0.00 MB/s read, 0.0 seconds
Interval compaction: 0.00 GB write, 0.00 MB/s write, 0.00 GB read, 0.00 MB/s read, 0.0 seconds
Stalls(count): 0 level0_slowdown, 0 level0_slowdown_with_compaction, 0 level0_numfiles, 0 level0_numfiles_with_compaction, 0 stop for pending_compaction_bytes, 0 slowdown for pending_compaction_bytes, 0 memtable_compaction, 0 memtable_slowdown, interval 0 total count
estimated_pending_compaction_bytes: 0 B
I200923 08:01:31.463794 244 server/status/runtime.go:498  [n1] runtime stats: 82 MiB RSS, 183 goroutines, 51 MiB/64 MiB/94 MiB GO alloc/idle/total, 16 MiB/23 MiB CGO alloc/total, 95.8 CGO/sec, 1.1/0.6 %(u/s)time, 0.0 %gc (1x), 32 KiB/28 KiB (r/w)net
I200923 08:01:33.526573 1928 kv/kvserver/replica_consistency.go:246  [n1,consistencyChecker,s1,r4/1:/System{/tsd-tse}] triggering stats recomputation to resolve delta of {ContainsEstimates:4314 LastUpdateNanos:1600848091591656000 IntentAge:0 GCBytesAge:0 LiveBytes:18506 LiveCount:-692 KeyBytes:-33660 KeyCount:-692 ValBytes:52166 ValCount:-692 IntentBytes:0 IntentCount:0 SysBytes:0 SysCount:0}
I200923 08:01:41.465323 244 server/status/runtime.go:498  [n1] runtime stats: 87 MiB RSS, 183 goroutines, 60 MiB/58 MiB/94 MiB GO alloc/idle/total, 16 MiB/24 MiB CGO alloc/total, 251.1 CGO/sec, 1.4/0.9 %(u/s)time, 0.0 %gc (0x), 31 KiB/32 KiB (r/w)net
I200923 08:01:51.474231 244 server/status/runtime.go:498  [n1] runtime stats: 92 MiB RSS, 184 goroutines, 67 MiB/51 MiB/94 MiB GO alloc/idle/total, 16 MiB/24 MiB CGO alloc/total, 50.2 CGO/sec, 0.8/0.5 %(u/s)time, 0.0 %gc (0x), 21 KiB/25 KiB (r/w)net
I200923 08:02:01.475966 244 server/status/runtime.go:498  [n1] runtime stats: 95 MiB RSS, 184 goroutines, 74 MiB/45 MiB/94 MiB GO alloc/idle/total, 16 MiB/24 MiB CGO alloc/total, 34.4 CGO/sec, 0.9/0.6 %(u/s)time, 0.0 %gc (0x), 4.2 KiB/7.9 KiB (r/w)net
I200923 08:02:11.456785 223 gossip/gossip.go:567  [n1] gossip status (ok, 1 node)
gossip client (0/3 cur/max conns)
gossip server (0/3 cur/max conns, infos 0/0 sent/received, bytes 0B/0B sent/received)
gossip connectivity
  n1 [sentinel];
I200923 08:02:11.480460 244 server/status/runtime.go:498  [n1] runtime stats: 100 MiB RSS, 184 goroutines, 82 MiB/37 MiB/100 MiB GO alloc/idle/total, 16 MiB/24 MiB CGO alloc/total, 24.9 CGO/sec, 1.0/0.6 %(u/s)time, 0.0 %gc (0x), 3.8 KiB/5.9 KiB (r/w)net
I200923 08:02:21.479839 244 server/status/runtime.go:498  [n1] runtime stats: 107 MiB RSS, 183 goroutines, 90 MiB/31 MiB/108 MiB GO alloc/idle/total, 16 MiB/24 MiB CGO alloc/total, 80.5 CGO/sec, 1.4/0.8 %(u/s)time, 0.0 %gc (1x), 3.9 KiB/7.1 KiB (r/w)net
I200923 08:02:31.481400 244 server/status/runtime.go:498  [n1] runtime stats: 93 MiB RSS, 183 goroutines, 58 MiB/58 MiB/108 MiB GO alloc/idle/total, 16 MiB/24 MiB CGO alloc/total, 24.0 CGO/sec, 0.7/0.4 %(u/s)time, 0.0 %gc (0x), 3.5 KiB/4.9 KiB (r/w)net
I200923 08:02:41.488324 244 server/status/runtime.go:498  [n1] runtime stats: 95 MiB RSS, 183 goroutines, 64 MiB/52 MiB/108 MiB GO alloc/idle/total, 16 MiB/25 MiB CGO alloc/total, 29.8 CGO/sec, 0.4/0.3 %(u/s)time, 0.0 %gc (0x), 3.2 KiB/4.1 KiB (r/w)net
I200923 08:02:51.489876 244 server/status/runtime.go:498  [n1] runtime stats: 96 MiB RSS, 184 goroutines, 71 MiB/46 MiB/108 MiB GO alloc/idle/total, 16 MiB/25 MiB CGO alloc/total, 30.7 CGO/sec, 0.3/0.3 %(u/s)time, 0.0 %gc (0x), 4.0 KiB/7.2 KiB (r/w)net
I200923 08:03:01.498679 244 server/status/runtime.go:498  [n1] runtime stats: 99 MiB RSS, 184 goroutines, 78 MiB/40 MiB/108 MiB GO alloc/idle/total, 16 MiB/25 MiB CGO alloc/total, 22.0 CGO/sec, 0.5/0.4 %(u/s)time, 0.0 %gc (0x), 3.9 KiB/5.6 KiB (r/w)net
I200923 08:03:11.455300 223 gossip/gossip.go:567  [n1] gossip status (ok, 1 node)
gossip client (0/3 cur/max conns)
gossip server (0/3 cur/max conns, infos 0/0 sent/received, bytes 0B/0B sent/received)
I200923 08:03:11.499986 244 server/status/runtime.go:498  [n1] runtime stats: 105 MiB RSS, 184 goroutines, 84 MiB/34 MiB/108 MiB GO alloc/idle/total, 16 MiB/25 MiB CGO alloc/total, 26.7 CGO/sec, 0.8/0.6 %(u/s)time, 0.0 %gc (0x), 5.7 KiB/3.4 KiB (r/w)net
I200923 08:03:21.500181 244 server/status/runtime.go:498  [n1] runtime stats: 112 MiB RSS, 183 goroutines, 91 MiB/28 MiB/109 MiB GO alloc/idle/total, 16 MiB/25 MiB CGO alloc/total, 55.5 CGO/sec, 0.9/0.6 %(u/s)time, 0.0 %gc (0x), 14 KiB/12 KiB (r/w)net
I200923 08:03:31.501957 244 server/status/runtime.go:498  [n1] runtime stats: 116 MiB RSS, 183 goroutines, 54 MiB/62 MiB/114 MiB GO alloc/idle/total, 16 MiB/25 MiB CGO alloc/total, 29.8 CGO/sec, 1.2/0.6 %(u/s)time, 0.0 %gc (1x), 4.8 KiB/5.5 KiB (r/w)net
I200923 08:03:41.504864 244 server/status/runtime.go:498  [n1] runtime stats: 116 MiB RSS, 183 goroutines, 60 MiB/56 MiB/114 MiB GO alloc/idle/total, 16 MiB/25 MiB CGO alloc/total, 26.2 CGO/sec, 0.8/0.6 %(u/s)time, 0.0 %gc (0x), 2.7 KiB/4.2 KiB (r/w)net
I200923 08:03:51.499295 244 server/status/runtime.go:498  [n1] runtime stats: 117 MiB RSS, 184 goroutines, 67 MiB/50 MiB/114 MiB GO alloc/idle/total, 16 MiB/25 MiB CGO alloc/total, 43.0 CGO/sec, 0.9/0.5 %(u/s)time, 0.0 %gc (0x), 3.6 KiB/6.4 KiB (r/w)net
I200923 08:04:01.498913 244 server/status/runtime.go:498  [n1] runtime stats: 117 MiB RSS, 184 goroutines, 74 MiB/44 MiB/114 MiB GO alloc/idle/total, 16 MiB/25 MiB CGO alloc/total, 22.0 CGO/sec, 0.6/0.4 %(u/s)time, 0.0 %gc (0x), 4.4 KiB/6.8 KiB (r/w)net
I200923 08:04:11.452508 223 gossip/gossip.go:567  [n1] gossip status (ok, 1 node)
gossip client (0/3 cur/max conns)
gossip server (0/3 cur/max conns, infos 0/0 sent/received, bytes 0B/0B sent/received)
I200923 08:04:11.504705 244 server/status/runtime.go:498  [n1] runtime stats: 119 MiB RSS, 184 goroutines, 80 MiB/38 MiB/114 MiB GO alloc/idle/total, 16 MiB/25 MiB CGO alloc/total, 31.4 CGO/sec, 0.7/0.5 %(u/s)time, 0.0 %gc (0x), 5.5 KiB/10 KiB (r/w)net
I200923 08:04:21.509512 244 server/status/runtime.go:498  [n1] runtime stats: 120 MiB RSS, 183 goroutines, 87 MiB/32 MiB/114 MiB GO alloc/idle/total, 16 MiB/25 MiB CGO alloc/total, 52.4 CGO/sec, 0.8/0.5 %(u/s)time, 0.0 %gc (0x), 5.5 KiB/8.2 KiB (r/w)net
I200923 08:04:31.510514 244 server/status/runtime.go:498  [n1] runtime stats: 121 MiB RSS, 183 goroutines, 94 MiB/26 MiB/114 MiB GO alloc/idle/total, 16 MiB/25 MiB CGO alloc/total, 26.2 CGO/sec, 0.8/0.5 %(u/s)time, 0.0 %gc (0x), 2.5 KiB/3.3 KiB (r/w)net
I200923 08:04:41.513741 244 server/status/runtime.go:498  [n1] runtime stats: 123 MiB RSS, 183 goroutines, 55 MiB/61 MiB/115 MiB GO alloc/idle/total, 16 MiB/25 MiB CGO alloc/total, 28.0 CGO/sec, 1.1/0.6 %(u/s)time, 0.0 %gc (1x), 3.9 KiB/5.6 KiB (r/w)net
I200923 08:04:51.516378 244 server/status/runtime.go:498  [n1] runtime stats: 124 MiB RSS, 184 goroutines, 62 MiB/55 MiB/115 MiB GO alloc/idle/total, 16 MiB/25 MiB CGO alloc/total, 27.0 CGO/sec, 0.8/0.5 %(u/s)time, 0.0 %gc (0x), 3.7 KiB/7.5 KiB (r/w)net
I200923 08:05:01.511994 244 server/status/runtime.go:498  [n1] runtime stats: 124 MiB RSS, 184 goroutines, 68 MiB/49 MiB/115 MiB GO alloc/idle/total, 16 MiB/25 MiB CGO alloc/total, 27.9 CGO/sec, 0.6/0.5 %(u/s)time, 0.0 %gc (0x), 76 KiB/45 KiB (r/w)net
I200923 08:05:11.456354 223 gossip/gossip.go:567  [n1] gossip status (ok, 1 node)
gossip client (0/3 cur/max conns)
gossip server (0/3 cur/max conns, infos 0/0 sent/received, bytes 0B/0B sent/received)
I200923 08:05:11.531430 244 server/status/runtime.go:498  [n1] runtime stats: 120 MiB RSS, 186 goroutines, 75 MiB/43 MiB/115 MiB GO alloc/idle/total, 16 MiB/25 MiB CGO alloc/total, 30.7 CGO/sec, 0.7/0.5 %(u/s)time, 0.0 %gc (0x), 13 KiB/22 KiB (r/w)net
I200923 08:05:21.522265 244 server/status/runtime.go:498  [n1] runtime stats: 121 MiB RSS, 185 goroutines, 82 MiB/37 MiB/115 MiB GO alloc/idle/total, 16 MiB/25 MiB CGO alloc/total, 51.6 CGO/sec, 1.0/0.6 %(u/s)time, 0.0 %gc (0x), 3.7 KiB/8.0 KiB (r/w)net
I200923 08:05:21.756384 4257 sql/event_log.go:132  [n1,client=[::1]:53241,hostnossl,user=root] Event: "create_database", target: 52, info: {DatabaseName:test Statement:CREATE DATABASE test User:root}
I200923 08:05:31.527004 244 server/status/runtime.go:498  [n1] runtime stats: 122 MiB RSS, 185 goroutines, 89 MiB/30 MiB/115 MiB GO alloc/idle/total, 16 MiB/26 MiB CGO alloc/total, 44.6 CGO/sec, 0.9/0.5 %(u/s)time, 0.0 %gc (0x), 36 KiB/45 KiB (r/w)net
I200923 08:05:35.406497 4639 sql/event_log.go:132  [n1,client=127.0.0.1:53252,hostnossl,user=root] Event: "create_table", target: 53, info: {TableName:test.public.customer Statement:CREATE TABLE customer (c_d_id INT4 NOT NULL, c_id INT4 NOT NULL, c_w_id INT4 NOT NULL, c_balance FLOAT8, c_city VARCHAR(255), c_credit VARCHAR(255), c_credit_lim FLOAT8, c_data VARCHAR(255), c_delivery_cnt INT4, c_discount FLOAT8, c_first VARCHAR(255), c_last VARCHAR(255), c_middle VARCHAR(255), c_payment_cnt INT4, c_phone VARCHAR(255), c_since VARCHAR(255), c_state VARCHAR(255), c_street_1 VARCHAR(255), c_street_2 VARCHAR(255), c_ytd_payment FLOAT8, c_zip VARCHAR(255), PRIMARY KEY (c_d_id, c_id, c_w_id)) User:root}
I200923 08:05:35.411387 4982 kv/kvserver/replica_command.go:397  [n1,split,s1,r32/1:/{Table/36-Max}] initiating a split of this range at key /Table/53 [r33] (zone config)
I200923 08:05:35.412509 4639 sql/event_log.go:132  [n1,client=127.0.0.1:53252,hostnossl,user=root] Event: "create_table", target: 54, info: {TableName:test.public.district Statement:CREATE TABLE district (d_id INT4 NOT NULL, d_w_id INT4 NOT NULL, d_city VARCHAR(255), d_name VARCHAR(255), d_next_o_id INT4, d_state VARCHAR(255), d_street_1 VARCHAR(255), d_street_2 VARCHAR(255), d_tax FLOAT8, d_ytd FLOAT8, d_zip VARCHAR(255), PRIMARY KEY (d_id, d_w_id)) User:root}
I200923 08:05:35.417414 4639 sql/event_log.go:132  [n1,client=127.0.0.1:53252,hostnossl,user=root] Event: "create_table", target: 55, info: {TableName:test.public.item Statement:CREATE TABLE item (i_id INT4 NOT NULL, i_data VARCHAR(255), i_im_id INT4, i_name VARCHAR(255), i_price FLOAT8, PRIMARY KEY (i_id)) User:root}
I200923 08:05:35.420063 5155 kv/kvserver/replica_command.go:397  [n1,split,s1,r33/1:/{Table/53-Max}] initiating a split of this range at key /Table/54 [r34] (zone config)
I200923 08:05:35.421658 4639 sql/event_log.go:132  [n1,client=127.0.0.1:53252,hostnossl,user=root] Event: "create_table", target: 56, info: {TableName:test.public.orderline Statement:CREATE TABLE orderline (ol_d_id INT4 NOT NULL, ol_number INT4 NOT NULL, ol_o_id INT4 NOT NULL, ol_w_id INT4 NOT NULL, ol_amount FLOAT8, ol_delivery_d VARCHAR(255), ol_dist_info VARCHAR(255), ol_i_id INT4, ol_quantity FLOAT8, ol_supply_w_id INT4, PRIMARY KEY (ol_d_id, ol_number, ol_o_id, ol_w_id)) User:root}
I200923 08:05:35.426010 4639 sql/event_log.go:132  [n1,client=127.0.0.1:53252,hostnossl,user=root] Event: "create_table", target: 57, info: {TableName:test.public.orders Statement:CREATE TABLE orders (o_d_id INT4 NOT NULL, o_id INT4 NOT NULL, o_w_id INT4 NOT NULL, o_all_local FLOAT8, o_carrier_id VARCHAR(255), o_c_id INT4, o_entry_d VARCHAR(255), o_ol_cnt FLOAT8, PRIMARY KEY (o_d_id, o_id, o_w_id)) User:root}
I200923 08:05:35.427572 5307 kv/kvserver/replica_command.go:397  [n1,split,s1,r34/1:/{Table/54-Max}] initiating a split of this range at key /Table/55 [r35] (zone config)
I200923 08:05:35.430348 4639 sql/event_log.go:132  [n1,client=127.0.0.1:53252,hostnossl,user=root] Event: "create_table", target: 58, info: {TableName:test.public.stock Statement:CREATE TABLE stock (s_i_id INT4 NOT NULL, s_w_id INT4 NOT NULL, s_data VARCHAR(255), s_dist_01 VARCHAR(255), s_dist_02 VARCHAR(255), s_dist_03 VARCHAR(255), s_dist_04 VARCHAR(255), s_dist_05 VARCHAR(255), s_dist_06 VARCHAR(255), s_dist_07 VARCHAR(255), s_dist_08 VARCHAR(255), s_dist_09 VARCHAR(255), s_dist_10 VARCHAR(255), s_order_cnt INT4, s_quantity FLOAT8, s_remote_cnt INT4, s_ytd FLOAT8, PRIMARY KEY (s_i_id, s_w_id)) User:root}
I200923 08:05:35.434092 4639 sql/event_log.go:132  [n1,client=127.0.0.1:53252,hostnossl,user=root] Event: "create_table", target: 59, info: {TableName:test.public.warehouse Statement:CREATE TABLE warehouse (w_id INT4 NOT NULL, w_city VARCHAR(255), w_name VARCHAR(255), w_state VARCHAR(255), w_street2 VARCHAR(255), w_street_1 VARCHAR(255), w_tax FLOAT8, w_ytd FLOAT8, w_zip VARCHAR(255), PRIMARY KEY (w_id)) User:root}
I200923 08:05:35.434803 5508 kv/kvserver/replica_command.go:397  [n1,split,s1,r35/1:/{Table/55-Max}] initiating a split of this range at key /Table/56 [r36] (zone config)
I200923 08:05:35.442787 5285 kv/kvserver/replica_command.go:397  [n1,split,s1,r36/1:/{Table/56-Max}] initiating a split of this range at key /Table/57 [r37] (zone config)
I200923 08:05:35.449733 5231 kv/kvserver/replica_command.go:397  [n1,split,s1,r37/1:/{Table/57-Max}] initiating a split of this range at key /Table/58 [r38] (zone config)
I200923 08:05:35.456915 5465 kv/kvserver/replica_command.go:397  [n1,split,s1,r38/1:/{Table/58-Max}] initiating a split of this range at key /Table/59 [r39] (zone config)
I200923 08:05:35.467166 5500 jobs/registry.go:806  [n1] job 592373138848153601: stepping through state running with error <nil>
I200923 08:05:35.488969 5500 kv/kvserver/replica_command.go:397  [n1,s1,r39/1:/{Table/59-Max}] initiating a split of this range at key /Table/59/1 [r40] (manual)
I200923 08:05:35.498850 5715 ccl/importccl/read_import_base.go:148  [n1,job=592373138848153601,import-distsql-ingest] could not fetch file size; falling back to per-file progress: stat /Users/sudeepkrishna/inventory-management-project/INVENTORY_COCKROACHDB/cockroach-data/extern/warehouse.csv: no such file or directory
I200923 08:05:35.499365 5500 jobs/registry.go:806  [n1] job 592373138848153601: stepping through state reverting with error open /Users/sudeepkrishna/inventory-management-project/INVENTORY_COCKROACHDB/cockroach-data/extern/warehouse.csv: no such file or directory
I200923 08:05:35.502415 5500 sql/revert.go:73  [n1,job=592373138848153601] reverting table warehouse (59) to time 1600848335.483438999,2147483647
I200923 08:05:35.514202 5500 jobs/registry.go:806  [n1] job 592373138848153601: stepping through state failed with error open /Users/sudeepkrishna/inventory-management-project/INVENTORY_COCKROACHDB/cockroach-data/extern/warehouse.csv: no such file or directory
E200923 08:05:35.516611 5500 jobs/registry.go:955  [n1] job 592373138848153601: adoption completed with error open /Users/sudeepkrishna/inventory-management-project/INVENTORY_COCKROACHDB/cockroach-data/extern/warehouse.csv: no such file or directory
I200923 08:05:35.517208 5500 jobs/registry.go:961  [n1] job 592373138848153601: status failed after adoption finished
I200923 08:05:35.527627 5830 jobs/registry.go:806  [n1] job 592373139112493057: stepping through state running with error <nil>
I200923 08:05:35.546345 5830 kv/kvserver/replica_command.go:397  [n1,s1,r34/1:/Table/5{4-5}] initiating a split of this range at key /Table/54/1 [r41] (manual)
I200923 08:05:35.548814 5955 ccl/importccl/read_import_base.go:148  [n1,job=592373139112493057,import-distsql-ingest] could not fetch file size; falling back to per-file progress: stat /Users/sudeepkrishna/inventory-management-project/INVENTORY_COCKROACHDB/cockroach-data/extern/district.csv: no such file or directory
I200923 08:05:35.548871 5830 jobs/registry.go:806  [n1] job 592373139112493057: stepping through state reverting with error open /Users/sudeepkrishna/inventory-management-project/INVENTORY_COCKROACHDB/cockroach-data/extern/district.csv: no such file or directory
I200923 08:05:35.550764 5830 sql/revert.go:73  [n1,job=592373139112493057] reverting table district (54) to time 1600848335.537135999,2147483647
I200923 08:05:35.554710 5830 jobs/registry.go:806  [n1] job 592373139112493057: stepping through state failed with error open /Users/sudeepkrishna/inventory-management-project/INVENTORY_COCKROACHDB/cockroach-data/extern/district.csv: no such file or directory
E200923 08:05:35.556678 5830 jobs/registry.go:955  [n1] job 592373139112493057: adoption completed with error open /Users/sudeepkrishna/inventory-management-project/INVENTORY_COCKROACHDB/cockroach-data/extern/district.csv: no such file or directory
I200923 08:05:35.557273 5830 jobs/registry.go:961  [n1] job 592373139112493057: status failed after adoption finished
I200923 08:05:35.564728 6076 jobs/registry.go:806  [n1] job 592373139239436289: stepping through state running with error <nil>
I200923 08:05:35.584841 6076 kv/kvserver/replica_command.go:397  [n1,s1,r33/1:/Table/5{3-4}] initiating a split of this range at key /Table/53/1 [r42] (manual)
I200923 08:05:35.587234 6213 ccl/importccl/read_import_base.go:148  [n1,job=592373139239436289,import-distsql-ingest] could not fetch file size; falling back to per-file progress: stat /Users/sudeepkrishna/inventory-management-project/INVENTORY_COCKROACHDB/cockroach-data/extern/customer.csv: no such file or directory
I200923 08:05:35.587294 6076 jobs/registry.go:806  [n1] job 592373139239436289: stepping through state reverting with error open /Users/sudeepkrishna/inventory-management-project/INVENTORY_COCKROACHDB/cockroach-data/extern/customer.csv: no such file or directory
I200923 08:05:35.589142 6076 sql/revert.go:73  [n1,job=592373139239436289] reverting table customer (53) to time 1600848335.576794999,2147483647
I200923 08:05:35.593849 6076 jobs/registry.go:806  [n1] job 592373139239436289: stepping through state failed with error open /Users/sudeepkrishna/inventory-management-project/INVENTORY_COCKROACHDB/cockroach-data/extern/customer.csv: no such file or directory
E200923 08:05:35.596550 6076 jobs/registry.go:955  [n1] job 592373139239436289: adoption completed with error open /Users/sudeepkrishna/inventory-management-project/INVENTORY_COCKROACHDB/cockroach-data/extern/customer.csv: no such file or directory
I200923 08:05:35.597463 6076 jobs/registry.go:961  [n1] job 592373139239436289: status failed after adoption finished
I200923 08:05:35.607086 6319 jobs/registry.go:806  [n1] job 592373139372933121: stepping through state running with error <nil>
I200923 08:05:35.628374 6319 kv/kvserver/replica_command.go:397  [n1,s1,r35/1:/Table/5{5-6}] initiating a split of this range at key /Table/55/1 [r43] (manual)
I200923 08:05:35.631371 6189 ccl/importccl/read_import_base.go:148  [n1,job=592373139372933121,import-distsql-ingest] could not fetch file size; falling back to per-file progress: stat /Users/sudeepkrishna/inventory-management-project/INVENTORY_COCKROACHDB/cockroach-data/extern/item.csv: no such file or directory
I200923 08:05:35.631491 6319 jobs/registry.go:806  [n1] job 592373139372933121: stepping through state reverting with error open /Users/sudeepkrishna/inventory-management-project/INVENTORY_COCKROACHDB/cockroach-data/extern/item.csv: no such file or directory
I200923 08:05:35.633411 6319 sql/revert.go:73  [n1,job=592373139372933121] reverting table item (55) to time 1600848335.619399999,2147483647
I200923 08:05:35.637888 6319 jobs/registry.go:806  [n1] job 592373139372933121: stepping through state failed with error open /Users/sudeepkrishna/inventory-management-project/INVENTORY_COCKROACHDB/cockroach-data/extern/item.csv: no such file or directory
E200923 08:05:35.640079 6319 jobs/registry.go:955  [n1] job 592373139372933121: adoption completed with error open /Users/sudeepkrishna/inventory-management-project/INVENTORY_COCKROACHDB/cockroach-data/extern/item.csv: no such file or directory
I200923 08:05:35.640746 6319 jobs/registry.go:961  [n1] job 592373139372933121: status failed after adoption finished
I200923 08:05:35.649630 6592 jobs/registry.go:806  [n1] job 592373139512754177: stepping through state running with error <nil>
I200923 08:05:35.667123 6592 kv/kvserver/replica_command.go:397  [n1,s1,r37/1:/Table/5{7-8}] initiating a split of this range at key /Table/57/1 [r44] (manual)
I200923 08:05:35.669673 6751 ccl/importccl/read_import_base.go:148  [n1,job=592373139512754177,import-distsql-ingest] could not fetch file size; falling back to per-file progress: stat /Users/sudeepkrishna/inventory-management-project/INVENTORY_COCKROACHDB/cockroach-data/extern/order.csv: no such file or directory
I200923 08:05:35.669727 6592 jobs/registry.go:806  [n1] job 592373139512754177: stepping through state reverting with error open /Users/sudeepkrishna/inventory-management-project/INVENTORY_COCKROACHDB/cockroach-data/extern/order.csv: no such file or directory
I200923 08:05:35.672146 6592 sql/revert.go:73  [n1,job=592373139512754177] reverting table orders (57) to time 1600848335.659383999,2147483647
I200923 08:05:35.677024 6592 jobs/registry.go:806  [n1] job 592373139512754177: stepping through state failed with error open /Users/sudeepkrishna/inventory-management-project/INVENTORY_COCKROACHDB/cockroach-data/extern/order.csv: no such file or directory
E200923 08:05:35.678868 6592 jobs/registry.go:955  [n1] job 592373139512754177: adoption completed with error open /Users/sudeepkrishna/inventory-management-project/INVENTORY_COCKROACHDB/cockroach-data/extern/order.csv: no such file or directory
I200923 08:05:35.679380 6592 jobs/registry.go:961  [n1] job 592373139512754177: status failed after adoption finished
I200923 08:05:35.690098 6882 jobs/registry.go:806  [n1] job 592373139639533569: stepping through state running with error <nil>
I200923 08:05:35.712435 6882 kv/kvserver/replica_command.go:397  [n1,s1,r36/1:/Table/5{6-7}] initiating a split of this range at key /Table/56/1 [r45] (manual)
I200923 08:05:35.715249 7027 ccl/importccl/read_import_base.go:148  [n1,job=592373139639533569,import-distsql-ingest] could not fetch file size; falling back to per-file progress: stat /Users/sudeepkrishna/inventory-management-project/INVENTORY_COCKROACHDB/cockroach-data/extern/order-line.csv: no such file or directory
I200923 08:05:35.715317 6882 jobs/registry.go:806  [n1] job 592373139639533569: stepping through state reverting with error open /Users/sudeepkrishna/inventory-management-project/INVENTORY_COCKROACHDB/cockroach-data/extern/order-line.csv: no such file or directory
I200923 08:05:35.717764 6882 sql/revert.go:73  [n1,job=592373139639533569] reverting table orderline (56) to time 1600848335.702563999,2147483647
I200923 08:05:35.721869 6882 jobs/registry.go:806  [n1] job 592373139639533569: stepping through state failed with error open /Users/sudeepkrishna/inventory-management-project/INVENTORY_COCKROACHDB/cockroach-data/extern/order-line.csv: no such file or directory
E200923 08:05:35.723990 6882 jobs/registry.go:955  [n1] job 592373139639533569: adoption completed with error open /Users/sudeepkrishna/inventory-management-project/INVENTORY_COCKROACHDB/cockroach-data/extern/order-line.csv: no such file or directory
I200923 08:05:35.724600 6882 jobs/registry.go:961  [n1] job 592373139639533569: status failed after adoption finished
I200923 08:05:35.732470 6894 jobs/registry.go:806  [n1] job 592373139788759041: stepping through state running with error <nil>
I200923 08:05:35.758708 6894 kv/kvserver/replica_command.go:397  [n1,s1,r38/1:/Table/5{8-9}] initiating a split of this range at key /Table/58/1 [r46] (manual)
I200923 08:05:35.763733 7007 ccl/importccl/read_import_base.go:148  [n1,job=592373139788759041,import-distsql-ingest] could not fetch file size; falling back to per-file progress: stat /Users/sudeepkrishna/inventory-management-project/INVENTORY_COCKROACHDB/cockroach-data/extern/stock.csv: no such file or directory
I200923 08:05:35.763825 6894 jobs/registry.go:806  [n1] job 592373139788759041: stepping through state reverting with error open /Users/sudeepkrishna/inventory-management-project/INVENTORY_COCKROACHDB/cockroach-data/extern/stock.csv: no such file or directory
I200923 08:05:35.768062 6894 sql/revert.go:73  [n1,job=592373139788759041] reverting table stock (58) to time 1600848335.744595999,2147483647
I200923 08:05:35.774381 6894 jobs/registry.go:806  [n1] job 592373139788759041: stepping through state failed with error open /Users/sudeepkrishna/inventory-management-project/INVENTORY_COCKROACHDB/cockroach-data/extern/stock.csv: no such file or directory
E200923 08:05:35.777826 6894 jobs/registry.go:955  [n1] job 592373139788759041: adoption completed with error open /Users/sudeepkrishna/inventory-management-project/INVENTORY_COCKROACHDB/cockroach-data/extern/stock.csv: no such file or directory
I200923 08:05:35.778859 6894 jobs/registry.go:961  [n1] job 592373139788759041: status failed after adoption finished
I200923 08:05:41.529924 244 server/status/runtime.go:498  [n1] runtime stats: 131 MiB RSS, 186 goroutines, 60 MiB/55 MiB/116 MiB GO alloc/idle/total, 17 MiB/26 MiB CGO alloc/total, 1692.2 CGO/sec, 6.5/1.5 %(u/s)time, 0.0 %gc (3x), 83 KiB/76 KiB (r/w)net
I200923 08:05:41.631316 271 jobs/registry.go:1187  job 592373139339116545: resuming execution
I200923 08:05:41.632735 7457 jobs/registry.go:806  [n1] job 592373139339116545: stepping through state running with error <nil>
I200923 08:05:41.633657 7457 jobs/registry.go:806  [n1] job 592373139339116545: stepping through state succeeded with error <nil>
I200923 08:05:41.634944 271 jobs/registry.go:1187  job 592373139925991425: resuming execution
I200923 08:05:41.636238 7499 jobs/registry.go:806  [n1] job 592373139925991425: stepping through state running with error <nil>
I200923 08:05:41.637020 7499 jobs/registry.go:806  [n1] job 592373139925991425: stepping through state succeeded with error <nil>
I200923 08:05:41.637271 7457 jobs/registry.go:961  [n1] job 592373139339116545: status succeeded after adoption finished
I200923 08:05:41.638428 271 jobs/registry.go:1187  job 592373139484114945: resuming execution
I200923 08:05:41.639800 7417 jobs/registry.go:806  [n1] job 592373139484114945: stepping through state running with error <nil>
I200923 08:05:41.640631 7417 jobs/registry.go:806  [n1] job 592373139484114945: stepping through state succeeded with error <nil>
I200923 08:05:41.640659 7499 jobs/registry.go:961  [n1] job 592373139925991425: status succeeded after adoption finished
I200923 08:05:41.641610 271 jobs/registry.go:1187  job 592373139057967105: resuming execution
I200923 08:05:41.642714 7537 jobs/registry.go:806  [n1] job 592373139057967105: stepping through state running with error <nil>
I200923 08:05:41.643359 7537 jobs/registry.go:806  [n1] job 592373139057967105: stepping through state succeeded with error <nil>
I200923 08:05:41.643416 7417 jobs/registry.go:961  [n1] job 592373139484114945: status succeeded after adoption finished
I200923 08:05:41.644662 271 jobs/registry.go:1187  job 592373139611058177: resuming execution
I200923 08:05:41.645756 7469 jobs/registry.go:806  [n1] job 592373139611058177: stepping through state running with error <nil>
I200923 08:05:41.646152 7537 jobs/registry.go:961  [n1] job 592373139057967105: status succeeded after adoption finished
I200923 08:05:41.646907 7469 jobs/registry.go:806  [n1] job 592373139611058177: stepping through state succeeded with error <nil>
I200923 08:05:41.647491 271 jobs/registry.go:1187  job 592373139213254657: resuming execution
I200923 08:05:41.648421 7618 jobs/registry.go:806  [n1] job 592373139213254657: stepping through state running with error <nil>
I200923 08:05:41.649052 7618 jobs/registry.go:806  [n1] job 592373139213254657: stepping through state succeeded with error <nil>
I200923 08:05:41.649710 7469 jobs/registry.go:961  [n1] job 592373139611058177: status succeeded after adoption finished
I200923 08:05:41.650166 271 jobs/registry.go:1187  job 592373139760644097: resuming execution
I200923 08:05:41.651122 7606 jobs/registry.go:806  [n1] job 592373139760644097: stepping through state running with error <nil>
I200923 08:05:41.651812 7618 jobs/registry.go:961  [n1] job 592373139213254657: status succeeded after adoption finished
I200923 08:05:41.652413 7606 jobs/registry.go:806  [n1] job 592373139760644097: stepping through state succeeded with error <nil>
I200923 08:05:41.654765 7606 jobs/registry.go:961  [n1] job 592373139760644097: status succeeded after adoption finished
I200923 08:05:51.531599 244 server/status/runtime.go:498  [n1] runtime stats: 132 MiB RSS, 187 goroutines, 74 MiB/44 MiB/116 MiB GO alloc/idle/total, 17 MiB/26 MiB CGO alloc/total, 204.5 CGO/sec, 1.6/0.7 %(u/s)time, 0.0 %gc (0x), 4.0 KiB/7.1 KiB (r/w)net
I200923 08:06:01.533147 244 server/status/runtime.go:498  [n1] runtime stats: 132 MiB RSS, 187 goroutines, 81 MiB/37 MiB/116 MiB GO alloc/idle/total, 17 MiB/26 MiB CGO alloc/total, 26.2 CGO/sec, 1.0/0.6 %(u/s)time, 0.0 %gc (0x), 4.7 KiB/8.4 KiB (r/w)net
I200923 08:06:11.453393 223 gossip/gossip.go:567  [n1] gossip status (ok, 1 node)
gossip client (0/3 cur/max conns)
gossip server (0/3 cur/max conns, infos 0/0 sent/received, bytes 0B/0B sent/received)
I200923 08:06:11.528133 244 server/status/runtime.go:498  [n1] runtime stats: 132 MiB RSS, 187 goroutines, 88 MiB/31 MiB/116 MiB GO alloc/idle/total, 17 MiB/26 MiB CGO alloc/total, 48.5 CGO/sec, 1.1/0.6 %(u/s)time, 0.0 %gc (0x), 4.8 KiB/5.4 KiB (r/w)net
I200923 08:06:11.605944 7973 jobs/registry.go:806  [n1] job 592373257344155649: stepping through state running with error <nil>
I200923 08:06:11.634872 7973 jobs/registry.go:806  [n1] job 592373257344155649: stepping through state succeeded with error <nil>
I200923 08:06:11.637587 7973 jobs/registry.go:961  [n1] job 592373257344155649: status succeeded after adoption finished
I200923 08:06:11.644825 7825 jobs/registry.go:806  [n1] job 592373257473064961: stepping through state running with error <nil>
I200923 08:06:11.689781 7825 jobs/registry.go:806  [n1] job 592373257473064961: stepping through state succeeded with error <nil>
I200923 08:06:11.692598 7825 jobs/registry.go:961  [n1] job 592373257473064961: status succeeded after adoption finished
I200923 08:06:11.698875 8144 jobs/registry.go:806  [n1] job 592373257651224577: stepping through state running with error <nil>
I200923 08:06:11.727467 8144 jobs/registry.go:806  [n1] job 592373257651224577: stepping through state succeeded with error <nil>
I200923 08:06:11.730583 8144 jobs/registry.go:961  [n1] job 592373257651224577: status succeeded after adoption finished
I200923 08:06:11.735483 8155 jobs/registry.go:806  [n1] job 592373257770074113: stepping through state running with error <nil>
I200923 08:06:11.749186 8155 jobs/registry.go:806  [n1] job 592373257770074113: stepping through state succeeded with error <nil>
I200923 08:06:11.751679 8155 jobs/registry.go:961  [n1] job 592373257770074113: status succeeded after adoption finished
I200923 08:06:11.757709 8217 jobs/registry.go:806  [n1] job 592373257844523009: stepping through state running with error <nil>
I200923 08:06:11.780020 8217 jobs/registry.go:806  [n1] job 592373257844523009: stepping through state succeeded with error <nil>
I200923 08:06:11.782465 8217 jobs/registry.go:961  [n1] job 592373257844523009: status succeeded after adoption finished
I200923 08:06:11.788554 8335 jobs/registry.go:806  [n1] job 592373257945645057: stepping through state running with error <nil>
I200923 08:06:11.806800 8335 jobs/registry.go:806  [n1] job 592373257945645057: stepping through state succeeded with error <nil>
I200923 08:06:11.809339 8335 jobs/registry.go:961  [n1] job 592373257945645057: status succeeded after adoption finished
I200923 08:06:11.815499 8385 jobs/registry.go:806  [n1] job 592373258033496065: stepping through state running with error <nil>
I200923 08:06:11.852082 8385 jobs/registry.go:806  [n1] job 592373258033496065: stepping through state succeeded with error <nil>
I200923 08:06:11.854688 8385 jobs/registry.go:961  [n1] job 592373258033496065: status succeeded after adoption finished
I200923 08:06:21.537826 244 server/status/runtime.go:498  [n1] runtime stats: 135 MiB RSS, 186 goroutines, 62 MiB/53 MiB/118 MiB GO alloc/idle/total, 25 MiB/35 MiB CGO alloc/total, 1395.8 CGO/sec, 4.4/1.0 %(u/s)time, 0.0 %gc (2x), 9.0 KiB/14 KiB (r/w)net
I200923 08:06:31.534798 244 server/status/runtime.go:498  [n1] runtime stats: 136 MiB RSS, 186 goroutines, 69 MiB/47 MiB/118 MiB GO alloc/idle/total, 25 MiB/35 MiB CGO alloc/total, 51.9 CGO/sec, 1.0/0.7 %(u/s)time, 0.0 %gc (0x), 8.4 KiB/20 KiB (r/w)net
I200923 08:06:41.542540 244 server/status/runtime.go:498  [n1] runtime stats: 136 MiB RSS, 186 goroutines, 76 MiB/41 MiB/118 MiB GO alloc/idle/total, 25 MiB/35 MiB CGO alloc/total, 35.5 CGO/sec, 0.7/0.5 %(u/s)time, 0.0 %gc (0x), 1010 KiB/107 KiB (r/w)net
I200923 08:06:51.546581 244 server/status/runtime.go:498  [n1] runtime stats: 122 MiB RSS, 187 goroutines, 82 MiB/35 MiB/118 MiB GO alloc/idle/total, 25 MiB/35 MiB CGO alloc/total, 28.9 CGO/sec, 0.8/0.5 %(u/s)time, 0.0 %gc (0x), 680 KiB/176 KiB (r/w)net
I200923 08:07:01.548015 244 server/status/runtime.go:498  [n1] runtime stats: 118 MiB RSS, 187 goroutines, 89 MiB/29 MiB/118 MiB GO alloc/idle/total, 25 MiB/35 MiB CGO alloc/total, 27.8 CGO/sec, 0.8/0.6 %(u/s)time, 0.0 %gc (0x), 628 KiB/153 KiB (r/w)net
I200923 08:07:11.458067 223 gossip/gossip.go:567  [n1] gossip status (ok, 1 node)
gossip client (0/3 cur/max conns)
gossip server (0/3 cur/max conns, infos 0/0 sent/received, bytes 0B/0B sent/received)
I200923 08:07:11.556339 244 server/status/runtime.go:498  [n1] runtime stats: 117 MiB RSS, 187 goroutines, 96 MiB/22 MiB/121 MiB GO alloc/idle/total, 25 MiB/35 MiB CGO alloc/total, 23.2 CGO/sec, 0.8/0.6 %(u/s)time, 0.0 %gc (0x), 74 KiB/34 KiB (r/w)net
I200923 08:07:21.569478 244 server/status/runtime.go:498  [n1] runtime stats: 122 MiB RSS, 186 goroutines, 62 MiB/49 MiB/122 MiB GO alloc/idle/total, 24 MiB/35 MiB CGO alloc/total, 56.3 CGO/sec, 1.2/0.8 %(u/s)time, 0.0 %gc (1x), 169 KiB/33 KiB (r/w)net
I200923 08:07:31.567692 244 server/status/runtime.go:498  [n1] runtime stats: 125 MiB RSS, 186 goroutines, 68 MiB/43 MiB/122 MiB GO alloc/idle/total, 24 MiB/35 MiB CGO alloc/total, 27.8 CGO/sec, 0.9/0.7 %(u/s)time, 0.0 %gc (0x), 8.6 KiB/14 KiB (r/w)net
I200923 08:07:41.565005 244 server/status/runtime.go:498  [n1] runtime stats: 126 MiB RSS, 186 goroutines, 74 MiB/37 MiB/122 MiB GO alloc/idle/total, 24 MiB/35 MiB CGO alloc/total, 24.1 CGO/sec, 0.8/0.6 %(u/s)time, 0.0 %gc (0x), 6.1 KiB/10 KiB (r/w)net
I200923 08:07:51.565739 244 server/status/runtime.go:498  [n1] runtime stats: 128 MiB RSS, 187 goroutines, 81 MiB/32 MiB/122 MiB GO alloc/idle/total, 24 MiB/35 MiB CGO alloc/total, 24.7 CGO/sec, 0.8/0.6 %(u/s)time, 0.0 %gc (0x), 8.8 KiB/14 KiB (r/w)net
I200923 08:08:01.568917 244 server/status/runtime.go:498  [n1] runtime stats: 131 MiB RSS, 187 goroutines, 88 MiB/26 MiB/122 MiB GO alloc/idle/total, 24 MiB/35 MiB CGO alloc/total, 31.6 CGO/sec, 0.9/0.7 %(u/s)time, 0.0 %gc (0x), 4.6 KiB/6.8 KiB (r/w)net
I200923 08:08:11.457945 223 gossip/gossip.go:567  [n1] gossip status (ok, 1 node)
gossip client (0/3 cur/max conns)
gossip server (0/3 cur/max conns, infos 0/0 sent/received, bytes 0B/0B sent/received)
I200923 08:08:11.573274 244 server/status/runtime.go:498  [n1] runtime stats: 134 MiB RSS, 187 goroutines, 94 MiB/20 MiB/124 MiB GO alloc/idle/total, 24 MiB/35 MiB CGO alloc/total, 24.3 CGO/sec, 0.8/0.6 %(u/s)time, 0.0 %gc (0x), 3.7 KiB/6.6 KiB (r/w)net
I200923 08:08:21.574129 244 server/status/runtime.go:498  [n1] runtime stats: 133 MiB RSS, 186 goroutines, 101 MiB/14 MiB/128 MiB GO alloc/idle/total, 24 MiB/35 MiB CGO alloc/total, 50.7 CGO/sec, 0.9/0.6 %(u/s)time, 0.0 %gc (0x), 468 KiB/69 KiB (r/w)net
I200923 08:08:31.572194 244 server/status/runtime.go:498  [n1] runtime stats: 129 MiB RSS, 186 goroutines, 60 MiB/50 MiB/131 MiB GO alloc/idle/total, 24 MiB/35 MiB CGO alloc/total, 23.6 CGO/sec, 0.9/0.5 %(u/s)time, 0.0 %gc (1x), 600 KiB/198 KiB (r/w)net
I200923 08:08:41.580326 244 server/status/runtime.go:498  [n1] runtime stats: 130 MiB RSS, 186 goroutines, 66 MiB/45 MiB/131 MiB GO alloc/idle/total, 24 MiB/35 MiB CGO alloc/total, 28.1 CGO/sec, 0.5/0.3 %(u/s)time, 0.0 %gc (0x), 343 KiB/286 KiB (r/w)net
I200923 08:08:51.589147 244 server/status/runtime.go:498  [n1] runtime stats: 129 MiB RSS, 187 goroutines, 75 MiB/38 MiB/131 MiB GO alloc/idle/total, 24 MiB/35 MiB CGO alloc/total, 94.3 CGO/sec, 0.8/0.4 %(u/s)time, 0.0 %gc (0x), 69 KiB/162 KiB (r/w)net
I200923 08:09:01.582765 244 server/status/runtime.go:498  [n1] runtime stats: 109 MiB RSS, 187 goroutines, 82 MiB/32 MiB/131 MiB GO alloc/idle/total, 24 MiB/35 MiB CGO alloc/total, 25.9 CGO/sec, 0.5/0.4 %(u/s)time, 0.0 %gc (0x), 87 KiB/766 KiB (r/w)net
I200923 08:09:03.482941 10581 sql/table.go:981  [n1,client=127.0.0.1:53290,hostnossl,user=root] queued new schema change job 592373820561260545 for table 53, mutation 0
I200923 08:09:03.482961 10581 sql/sqlbase/structured.go:1554  [n1,client=127.0.0.1:53290,hostnossl,user=root] publish: descID=53 (customer) version=4 mtime=1970-01-01 00:00:00 +0000 UTC
I200923 08:09:03.486336 10581 sql/event_log.go:132  [n1,client=127.0.0.1:53290,hostnossl,user=root] Event: "drop_table", target: 53, info: {TableName:test.public.customer Statement:DROP TABLE IF EXISTS customer CASCADE User:root CascadeDroppedViews:[]}
I200923 08:09:03.486361 10581 jobs/registry.go:285  [n1,client=127.0.0.1:53290,hostnossl,user=root] scheduled jobs [592373820561260545]
I200923 08:09:03.490384 10577 kv/kvserver/replica_command.go:663  [n1,merge,s1,r33/1:/Table/53{-/1}] initiating a merge of r42:/Table/5{3/1-4} [(n1,s1):1, next=2, gen=3] into this range (lhs+rhs has (size=0 B+0 B=0 B qps=0.00+0.00=0.00qps) below threshold (size=128 MiB, qps=1250.00))
I200923 08:09:03.495265 271 jobs/registry.go:1187  job 592373820561260545: resuming execution
I200923 08:09:03.496160 10787 jobs/registry.go:806  [n1] job 592373820561260545: stepping through state running with error <nil>
I200923 08:09:03.496509 185 kv/kvserver/store_remove_replica.go:122  [n1,s1,r33/1:/Table/53{-/1}] removing replica r42/1
I200923 08:09:03.498330 10787 sql/schema_changer.go:436  [n1,job=592373820561260545,scExec,table=53,mutation=0] schema change on "customer" (v4) starting execution...
I200923 08:09:03.498657 10787 sql/schema_changer.go:338  [n1,job=592373820561260545,scExec,table=53,mutation=0] draining previous table names
I200923 08:09:03.500574 10787 sql/sqlbase/structured.go:1554  [n1,job=592373820561260545,scExec,table=53,mutation=0] publish: descID=53 (customer) version=5 mtime=1970-01-01 00:00:00 +0000 UTC
I200923 08:09:03.503069 10787 sql/schema_changer.go:391  [n1,job=592373820561260545,scExec,table=53,mutation=0] starting GC job 592373820626337793
I200923 08:09:03.505110 10787 sql/schema_changer.go:728  [n1,job=592373820561260545,scExec,table=53,mutation=0] waiting for a single version...
I200923 08:09:03.505998 10655 jobs/registry.go:806  [n1] job 592373820626337793: stepping through state running with error <nil>
I200923 08:09:03.506154 10787 sql/schema_changer.go:730  [n1,job=592373820561260545,scExec,table=53,mutation=0] waiting for a single version... done (at v 5)
I200923 08:09:03.506160 10787 jobs/registry.go:806  [n1] job 592373820561260545: stepping through state succeeded with error <nil>
I200923 08:09:03.508745 10787 jobs/registry.go:961  [n1] job 592373820561260545: status succeeded after adoption finished
I200923 08:09:03.529725 10581 sql/table.go:981  [n1,client=127.0.0.1:53290,hostnossl,user=root] queued new schema change job 592373820715859969 for table 54, mutation 0
I200923 08:09:03.529737 10581 sql/sqlbase/structured.go:1554  [n1,client=127.0.0.1:53290,hostnossl,user=root] publish: descID=54 (district) version=4 mtime=1970-01-01 00:00:00 +0000 UTC
I200923 08:09:03.532377 10581 sql/event_log.go:132  [n1,client=127.0.0.1:53290,hostnossl,user=root] Event: "drop_table", target: 54, info: {TableName:test.public.district Statement:DROP TABLE IF EXISTS district CASCADE User:root CascadeDroppedViews:[]}
I200923 08:09:03.532392 10581 jobs/registry.go:285  [n1,client=127.0.0.1:53290,hostnossl,user=root] scheduled jobs [592373820715859969]
I200923 08:09:03.541304 271 jobs/registry.go:1187  job 592373820715859969: resuming execution
I200923 08:09:03.542300 10902 jobs/registry.go:806  [n1] job 592373820715859969: stepping through state running with error <nil>
I200923 08:09:03.542430 10902 sql/schema_changer.go:436  [n1,job=592373820715859969,scExec,table=54,mutation=0] schema change on "district" (v4) starting execution...
I200923 08:09:03.542435 10902 sql/schema_changer.go:338  [n1,job=592373820715859969,scExec,table=54,mutation=0] draining previous table names
I200923 08:09:03.543400 10902 sql/sqlbase/structured.go:1554  [n1,job=592373820715859969,scExec,table=54,mutation=0] publish: descID=54 (district) version=5 mtime=1970-01-01 00:00:00 +0000 UTC
I200923 08:09:03.546111 10902 sql/schema_changer.go:391  [n1,job=592373820715859969,scExec,table=54,mutation=0] starting GC job 592373820767207425
I200923 08:09:03.548026 10902 sql/schema_changer.go:728  [n1,job=592373820715859969,scExec,table=54,mutation=0] waiting for a single version...
I200923 08:09:03.548853 10966 jobs/registry.go:806  [n1] job 592373820767207425: stepping through state running with error <nil>
I200923 08:09:03.549007 10902 sql/schema_changer.go:730  [n1,job=592373820715859969,scExec,table=54,mutation=0] waiting for a single version... done (at v 5)
I200923 08:09:03.549015 10902 jobs/registry.go:806  [n1] job 592373820715859969: stepping through state succeeded with error <nil>
I200923 08:09:03.551460 10902 jobs/registry.go:961  [n1] job 592373820715859969: status succeeded after adoption finished
I200923 08:09:03.572263 10581 sql/table.go:981  [n1,client=127.0.0.1:53290,hostnossl,user=root] queued new schema change job 592373820855320577 for table 55, mutation 0
I200923 08:09:03.572275 10581 sql/sqlbase/structured.go:1554  [n1,client=127.0.0.1:53290,hostnossl,user=root] publish: descID=55 (item) version=4 mtime=1970-01-01 00:00:00 +0000 UTC
I200923 08:09:03.574660 10581 sql/event_log.go:132  [n1,client=127.0.0.1:53290,hostnossl,user=root] Event: "drop_table", target: 55, info: {TableName:test.public.item Statement:DROP TABLE IF EXISTS item CASCADE User:root CascadeDroppedViews:[]}
I200923 08:09:03.574677 10581 jobs/registry.go:285  [n1,client=127.0.0.1:53290,hostnossl,user=root] scheduled jobs [592373820855320577]
I200923 08:09:03.583012 271 jobs/registry.go:1187  job 592373820855320577: resuming execution
I200923 08:09:03.583907 11290 jobs/registry.go:806  [n1] job 592373820855320577: stepping through state running with error <nil>
I200923 08:09:03.584022 11290 sql/schema_changer.go:436  [n1,job=592373820855320577,scExec,table=55,mutation=0] schema change on "item" (v4) starting execution...
I200923 08:09:03.584030 11290 sql/schema_changer.go:338  [n1,job=592373820855320577,scExec,table=55,mutation=0] draining previous table names
I200923 08:09:03.589454 11290 sql/sqlbase/structured.go:1554  [n1,job=592373820855320577,scExec,table=55,mutation=0] publish: descID=55 (item) version=5 mtime=1970-01-01 00:00:00 +0000 UTC
I200923 08:09:03.592469 11290 sql/schema_changer.go:391  [n1,job=592373820855320577,scExec,table=55,mutation=0] starting GC job 592373820918726657
I200923 08:09:03.594472 11290 sql/schema_changer.go:728  [n1,job=592373820855320577,scExec,table=55,mutation=0] waiting for a single version...
I200923 08:09:03.595403 11310 jobs/registry.go:806  [n1] job 592373820918726657: stepping through state running with error <nil>
I200923 08:09:03.595452 11290 sql/schema_changer.go:730  [n1,job=592373820855320577,scExec,table=55,mutation=0] waiting for a single version... done (at v 5)
I200923 08:09:03.595458 11290 jobs/registry.go:806  [n1] job 592373820855320577: stepping through state succeeded with error <nil>
I200923 08:09:03.597906 11290 jobs/registry.go:961  [n1] job 592373820855320577: status succeeded after adoption finished
I200923 08:09:03.620752 10581 sql/table.go:981  [n1,client=127.0.0.1:53290,hostnossl,user=root] queued new schema change job 592373821014376449 for table 56, mutation 0
I200923 08:09:03.620769 10581 sql/sqlbase/structured.go:1554  [n1,client=127.0.0.1:53290,hostnossl,user=root] publish: descID=56 (orderline) version=4 mtime=1970-01-01 00:00:00 +0000 UTC
I200923 08:09:03.623196 10581 sql/event_log.go:132  [n1,client=127.0.0.1:53290,hostnossl,user=root] Event: "drop_table", target: 56, info: {TableName:test.public.orderline Statement:DROP TABLE IF EXISTS orderline CASCADE User:root CascadeDroppedViews:[]}
I200923 08:09:03.623213 10581 jobs/registry.go:285  [n1,client=127.0.0.1:53290,hostnossl,user=root] scheduled jobs [592373821014376449]
I200923 08:09:03.632048 271 jobs/registry.go:1187  job 592373821014376449: resuming execution
I200923 08:09:03.633019 11150 jobs/registry.go:806  [n1] job 592373821014376449: stepping through state running with error <nil>
I200923 08:09:03.633165 11150 sql/schema_changer.go:436  [n1,job=592373821014376449,scExec,table=56,mutation=0] schema change on "orderline" (v4) starting execution...
I200923 08:09:03.633170 11150 sql/schema_changer.go:338  [n1,job=592373821014376449,scExec,table=56,mutation=0] draining previous table names
I200923 08:09:03.634136 11150 sql/sqlbase/structured.go:1554  [n1,job=592373821014376449,scExec,table=56,mutation=0] publish: descID=56 (orderline) version=5 mtime=1970-01-01 00:00:00 +0000 UTC
I200923 08:09:03.636982 11150 sql/schema_changer.go:391  [n1,job=592373821014376449,scExec,table=56,mutation=0] starting GC job 592373821064839169
I200923 08:09:03.639031 11150 sql/schema_changer.go:728  [n1,job=592373821014376449,scExec,table=56,mutation=0] waiting for a single version...
I200923 08:09:03.639925 11419 jobs/registry.go:806  [n1] job 592373821064839169: stepping through state running with error <nil>
I200923 08:09:03.639949 11150 sql/schema_changer.go:730  [n1,job=592373821014376449,scExec,table=56,mutation=0] waiting for a single version... done (at v 5)
I200923 08:09:03.639955 11150 jobs/registry.go:806  [n1] job 592373821014376449: stepping through state succeeded with error <nil>
I200923 08:09:03.642385 11150 jobs/registry.go:961  [n1] job 592373821014376449: status succeeded after adoption finished
I200923 08:09:03.646772 10581 sql/table.go:981  [n1,client=127.0.0.1:53290,hostnossl,user=root] queued new schema change job 592373821099573249 for table 57, mutation 0
I200923 08:09:03.646787 10581 sql/sqlbase/structured.go:1554  [n1,client=127.0.0.1:53290,hostnossl,user=root] publish: descID=57 (orders) version=4 mtime=1970-01-01 00:00:00 +0000 UTC
I200923 08:09:03.649361 10581 sql/event_log.go:132  [n1,client=127.0.0.1:53290,hostnossl,user=root] Event: "drop_table", target: 57, info: {TableName:test.public.orders Statement:DROP TABLE IF EXISTS orders CASCADE User:root CascadeDroppedViews:[]}
I200923 08:09:03.649378 10581 jobs/registry.go:285  [n1,client=127.0.0.1:53290,hostnossl,user=root] scheduled jobs [592373821099573249]
I200923 08:09:03.657718 271 jobs/registry.go:1187  job 592373821099573249: resuming execution
I200923 08:09:03.658695 11779 jobs/registry.go:806  [n1] job 592373821099573249: stepping through state running with error <nil>
I200923 08:09:03.658812 11779 sql/schema_changer.go:436  [n1,job=592373821099573249,scExec,table=57,mutation=0] schema change on "orders" (v4) starting execution...
I200923 08:09:03.658817 11779 sql/schema_changer.go:338  [n1,job=592373821099573249,scExec,table=57,mutation=0] draining previous table names
I200923 08:09:03.659915 11779 sql/sqlbase/structured.go:1554  [n1,job=592373821099573249,scExec,table=57,mutation=0] publish: descID=57 (orders) version=5 mtime=1970-01-01 00:00:00 +0000 UTC
I200923 08:09:03.662741 11779 sql/schema_changer.go:391  [n1,job=592373821099573249,scExec,table=57,mutation=0] starting GC job 592373821149315073
I200923 08:09:03.664771 11779 sql/schema_changer.go:728  [n1,job=592373821099573249,scExec,table=57,mutation=0] waiting for a single version...
I200923 08:09:03.665686 11787 jobs/registry.go:806  [n1] job 592373821149315073: stepping through state running with error <nil>
I200923 08:09:03.665876 11779 sql/schema_changer.go:730  [n1,job=592373821099573249,scExec,table=57,mutation=0] waiting for a single version... done (at v 5)
I200923 08:09:03.665885 11779 jobs/registry.go:806  [n1] job 592373821099573249: stepping through state succeeded with error <nil>
I200923 08:09:03.670332 11779 jobs/registry.go:961  [n1] job 592373821099573249: status succeeded after adoption finished
I200923 08:09:03.710300 10581 sql/table.go:981  [n1,client=127.0.0.1:53290,hostnossl,user=root] queued new schema change job 592373821299654657 for table 58, mutation 0
I200923 08:09:03.710322 10581 sql/sqlbase/structured.go:1554  [n1,client=127.0.0.1:53290,hostnossl,user=root] publish: descID=58 (stock) version=4 mtime=1970-01-01 00:00:00 +0000 UTC
I200923 08:09:03.715280 10581 sql/event_log.go:132  [n1,client=127.0.0.1:53290,hostnossl,user=root] Event: "drop_table", target: 58, info: {TableName:test.public.stock Statement:DROP TABLE IF EXISTS stock CASCADE User:root CascadeDroppedViews:[]}
I200923 08:09:03.715312 10581 jobs/registry.go:285  [n1,client=127.0.0.1:53290,hostnossl,user=root] scheduled jobs [592373821299654657]
I200923 08:09:03.726333 271 jobs/registry.go:1187  job 592373821299654657: resuming execution
I200923 08:09:03.728097 11865 jobs/registry.go:806  [n1] job 592373821299654657: stepping through state running with error <nil>
I200923 08:09:03.728502 11865 sql/schema_changer.go:436  [n1,job=592373821299654657,scExec,table=58,mutation=0] schema change on "stock" (v4) starting execution...
I200923 08:09:03.728536 11865 sql/schema_changer.go:338  [n1,job=592373821299654657,scExec,table=58,mutation=0] draining previous table names
I200923 08:09:03.730179 11865 sql/sqlbase/structured.go:1554  [n1,job=592373821299654657,scExec,table=58,mutation=0] publish: descID=58 (stock) version=5 mtime=1970-01-01 00:00:00 +0000 UTC
I200923 08:09:03.732941 11865 sql/schema_changer.go:391  [n1,job=592373821299654657,scExec,table=58,mutation=0] starting GC job 592373821379641345
I200923 08:09:03.734909 11865 sql/schema_changer.go:728  [n1,job=592373821299654657,scExec,table=58,mutation=0] waiting for a single version...
I200923 08:09:03.735759 11873 jobs/registry.go:806  [n1] job 592373821379641345: stepping through state running with error <nil>
I200923 08:09:03.735866 11865 sql/schema_changer.go:730  [n1,job=592373821299654657,scExec,table=58,mutation=0] waiting for a single version... done (at v 5)
I200923 08:09:03.735873 11865 jobs/registry.go:806  [n1] job 592373821299654657: stepping through state succeeded with error <nil>
I200923 08:09:03.738991 11865 jobs/registry.go:961  [n1] job 592373821299654657: status succeeded after adoption finished
I200923 08:09:03.764062 10581 sql/table.go:981  [n1,client=127.0.0.1:53290,hostnossl,user=root] queued new schema change job 592373821477421057 for table 59, mutation 0
I200923 08:09:03.764127 10581 sql/sqlbase/structured.go:1554  [n1,client=127.0.0.1:53290,hostnossl,user=root] publish: descID=59 (warehouse) version=4 mtime=1970-01-01 00:00:00 +0000 UTC
I200923 08:09:03.769526 10581 sql/event_log.go:132  [n1,client=127.0.0.1:53290,hostnossl,user=root] Event: "drop_table", target: 59, info: {TableName:test.public.warehouse Statement:DROP TABLE IF EXISTS warehouse CASCADE User:root CascadeDroppedViews:[]}
I200923 08:09:03.769546 10581 jobs/registry.go:285  [n1,client=127.0.0.1:53290,hostnossl,user=root] scheduled jobs [592373821477421057]
I200923 08:09:03.779415 271 jobs/registry.go:1187  job 592373821477421057: resuming execution
I200923 08:09:03.780386 12208 jobs/registry.go:806  [n1] job 592373821477421057: stepping through state running with error <nil>
I200923 08:09:03.780508 12208 sql/schema_changer.go:436  [n1,job=592373821477421057,scExec,table=59,mutation=0] schema change on "warehouse" (v4) starting execution...
I200923 08:09:03.780513 12208 sql/schema_changer.go:338  [n1,job=592373821477421057,scExec,table=59,mutation=0] draining previous table names
I200923 08:09:03.781539 12208 sql/sqlbase/structured.go:1554  [n1,job=592373821477421057,scExec,table=59,mutation=0] publish: descID=59 (warehouse) version=5 mtime=1970-01-01 00:00:00 +0000 UTC
I200923 08:09:03.784874 12208 sql/schema_changer.go:391  [n1,job=592373821477421057,scExec,table=59,mutation=0] starting GC job 592373821547839489
I200923 08:09:03.788705 12208 sql/schema_changer.go:728  [n1,job=592373821477421057,scExec,table=59,mutation=0] waiting for a single version...
I200923 08:09:03.789616 12359 jobs/registry.go:806  [n1] job 592373821547839489: stepping through state running with error <nil>
I200923 08:09:03.789731 12208 sql/schema_changer.go:730  [n1,job=592373821477421057,scExec,table=59,mutation=0] waiting for a single version... done (at v 5)
I200923 08:09:03.789737 12208 jobs/registry.go:806  [n1] job 592373821477421057: stepping through state succeeded with error <nil>
I200923 08:09:03.792273 12208 jobs/registry.go:961  [n1] job 592373821477421057: status succeeded after adoption finished
I200923 08:09:03.818487 10581 sql/event_log.go:132  [n1,client=127.0.0.1:53290,hostnossl,user=root] Event: "create_table", target: 60, info: {TableName:test.public.customer Statement:CREATE TABLE customer (c_d_id INT4 NOT NULL, c_id INT4 NOT NULL, c_w_id INT4 NOT NULL, c_balance FLOAT8, c_city VARCHAR(255), c_credit VARCHAR(255), c_credit_lim FLOAT8, c_data VARCHAR(255), c_delivery_cnt INT4, c_discount FLOAT8, c_first VARCHAR(255), c_last VARCHAR(255), c_middle VARCHAR(255), c_payment_cnt INT4, c_phone VARCHAR(255), c_since VARCHAR(255), c_state VARCHAR(255), c_street_1 VARCHAR(255), c_street_2 VARCHAR(255), c_ytd_payment FLOAT8, c_zip VARCHAR(255), PRIMARY KEY (c_d_id, c_id, c_w_id)) User:root}
I200923 08:09:03.819169 12398 kv/kvserver/replica_command.go:397  [n1,split,s1,r40/1:/{Table/59/1-Max}] initiating a split of this range at key /Table/60 [r47] (zone config)
I200923 08:09:03.822231 10581 sql/event_log.go:132  [n1,client=127.0.0.1:53290,hostnossl,user=root] Event: "create_table", target: 61, info: {TableName:test.public.district Statement:CREATE TABLE district (d_id INT4 NOT NULL, d_w_id INT4 NOT NULL, d_city VARCHAR(255), d_name VARCHAR(255), d_next_o_id INT4, d_state VARCHAR(255), d_street_1 VARCHAR(255), d_street_2 VARCHAR(255), d_tax FLOAT8, d_ytd FLOAT8, d_zip VARCHAR(255), PRIMARY KEY (d_id, d_w_id)) User:root}
I200923 08:09:03.822457 12471 kv/kvserver/replica_command.go:397  [n1,split,s1,r47/1:/{Table/60-Max}] initiating a split of this range at key /Table/61 [r48] (zone config)
I200923 08:09:03.825966 10581 sql/event_log.go:132  [n1,client=127.0.0.1:53290,hostnossl,user=root] Event: "create_table", target: 62, info: {TableName:test.public.item Statement:CREATE TABLE item (i_id INT4 NOT NULL, i_data VARCHAR(255), i_im_id INT4, i_name VARCHAR(255), i_price FLOAT8, PRIMARY KEY (i_id)) User:root}
I200923 08:09:03.829915 10581 sql/event_log.go:132  [n1,client=127.0.0.1:53290,hostnossl,user=root] Event: "create_table", target: 63, info: {TableName:test.public.orderline Statement:CREATE TABLE orderline (ol_d_id INT4 NOT NULL, ol_number INT4 NOT NULL, ol_o_id INT4 NOT NULL, ol_w_id INT4 NOT NULL, ol_amount FLOAT8, ol_delivery_d VARCHAR(255), ol_dist_info VARCHAR(255), ol_i_id INT4, ol_quantity FLOAT8, ol_supply_w_id INT4, PRIMARY KEY (ol_d_id, ol_number, ol_o_id, ol_w_id)) User:root}
I200923 08:09:03.830237 12477 kv/kvserver/replica_command.go:397  [n1,split,s1,r48/1:/{Table/61-Max}] initiating a split of this range at key /Table/62 [r49] (zone config)
I200923 08:09:03.834035 10581 sql/event_log.go:132  [n1,client=127.0.0.1:53290,hostnossl,user=root] Event: "create_table", target: 64, info: {TableName:test.public.orders Statement:CREATE TABLE orders (o_d_id INT4 NOT NULL, o_id INT4 NOT NULL, o_w_id INT4 NOT NULL, o_all_local FLOAT8, o_carrier_id VARCHAR(255), o_c_id INT4, o_entry_d VARCHAR(255), o_ol_cnt FLOAT8, PRIMARY KEY (o_d_id, o_id, o_w_id)) User:root}
I200923 08:09:03.838597 10581 sql/event_log.go:132  [n1,client=127.0.0.1:53290,hostnossl,user=root] Event: "create_table", target: 65, info: {TableName:test.public.stock Statement:CREATE TABLE stock (s_i_id INT4 NOT NULL, s_w_id INT4 NOT NULL, s_data VARCHAR(255), s_dist_01 VARCHAR(255), s_dist_02 VARCHAR(255), s_dist_03 VARCHAR(255), s_dist_04 VARCHAR(255), s_dist_05 VARCHAR(255), s_dist_06 VARCHAR(255), s_dist_07 VARCHAR(255), s_dist_08 VARCHAR(255), s_dist_09 VARCHAR(255), s_dist_10 VARCHAR(255), s_order_cnt INT4, s_quantity FLOAT8, s_remote_cnt INT4, s_ytd FLOAT8, PRIMARY KEY (s_i_id, s_w_id)) User:root}
I200923 08:09:03.838656 12923 kv/kvserver/replica_command.go:397  [n1,split,s1,r49/1:/{Table/62-Max}] initiating a split of this range at key /Table/63 [r50] (zone config)
I200923 08:09:03.842626 10581 sql/event_log.go:132  [n1,client=127.0.0.1:53290,hostnossl,user=root] Event: "create_table", target: 66, info: {TableName:test.public.warehouse Statement:CREATE TABLE warehouse (w_id INT4 NOT NULL, w_city VARCHAR(255), w_name VARCHAR(255), w_state VARCHAR(255), w_street2 VARCHAR(255), w_street_1 VARCHAR(255), w_tax FLOAT8, w_ytd FLOAT8, w_zip VARCHAR(255), PRIMARY KEY (w_id)) User:root}
I200923 08:09:03.846797 13104 kv/kvserver/replica_command.go:397  [n1,split,s1,r50/1:/{Table/63-Max}] initiating a split of this range at key /Table/64 [r51] (zone config)
I200923 08:09:03.854107 13072 kv/kvserver/replica_command.go:397  [n1,split,s1,r51/1:/{Table/64-Max}] initiating a split of this range at key /Table/65 [r52] (zone config)
I200923 08:09:03.856342 12941 jobs/registry.go:806  [n1] job 592373821763289089: stepping through state running with error <nil>
I200923 08:09:03.861193 13218 kv/kvserver/replica_command.go:397  [n1,split,s1,r52/1:/{Table/65-Max}] initiating a split of this range at key /Table/66 [r53] (zone config)
I200923 08:09:03.874696 12941 kv/kvserver/replica_command.go:397  [n1,s1,r53/1:/{Table/66-Max}] initiating a split of this range at key /Table/66/1 [r54] (manual)
I200923 08:09:03.877568 13413 ccl/importccl/read_import_base.go:148  [n1,job=592373821763289089,import-distsql-ingest] could not fetch file size; falling back to per-file progress: stat /Users/sudeepkrishna/inventory-management-project/INVENTORY_COCKROACHDB/cockroach-data/extern/warehouse.csv: no such file or directory
I200923 08:09:03.877632 12941 jobs/registry.go:806  [n1] job 592373821763289089: stepping through state reverting with error open /Users/sudeepkrishna/inventory-management-project/INVENTORY_COCKROACHDB/cockroach-data/extern/warehouse.csv: no such file or directory
I200923 08:09:03.880550 12941 sql/revert.go:73  [n1,job=592373821763289089] reverting table warehouse (66) to time 1600848543.865685999,2147483647
I200923 08:09:03.884522 12941 jobs/registry.go:806  [n1] job 592373821763289089: stepping through state failed with error open /Users/sudeepkrishna/inventory-management-project/INVENTORY_COCKROACHDB/cockroach-data/extern/warehouse.csv: no such file or directory
E200923 08:09:03.887246 12941 jobs/registry.go:955  [n1] job 592373821763289089: adoption completed with error open /Users/sudeepkrishna/inventory-management-project/INVENTORY_COCKROACHDB/cockroach-data/extern/warehouse.csv: no such file or directory
I200923 08:09:03.887946 12941 jobs/registry.go:961  [n1] job 592373821763289089: status failed after adoption finished
I200923 08:09:03.897478 13352 jobs/registry.go:806  [n1] job 592373821901799425: stepping through state running with error <nil>
I200923 08:09:03.920156 13352 kv/kvserver/replica_command.go:397  [n1,s1,r48/1:/Table/6{1-2}] initiating a split of this range at key /Table/61/1 [r55] (manual)
I200923 08:09:03.923821 13715 ccl/importccl/read_import_base.go:148  [n1,job=592373821901799425,import-distsql-ingest] could not fetch file size; falling back to per-file progress: stat /Users/sudeepkrishna/inventory-management-project/INVENTORY_COCKROACHDB/cockroach-data/extern/district.csv: no such file or directory
I200923 08:09:03.923868 13352 jobs/registry.go:806  [n1] job 592373821901799425: stepping through state reverting with error open /Users/sudeepkrishna/inventory-management-project/INVENTORY_COCKROACHDB/cockroach-data/extern/district.csv: no such file or directory
I200923 08:09:03.928825 13352 sql/revert.go:73  [n1,job=592373821901799425] reverting table district (61) to time 1600848543.910532999,2147483647
I200923 08:09:03.934374 13352 jobs/registry.go:806  [n1] job 592373821901799425: stepping through state failed with error open /Users/sudeepkrishna/inventory-management-project/INVENTORY_COCKROACHDB/cockroach-data/extern/district.csv: no such file or directory
E200923 08:09:03.936935 13352 jobs/registry.go:955  [n1] job 592373821901799425: adoption completed with error open /Users/sudeepkrishna/inventory-management-project/INVENTORY_COCKROACHDB/cockroach-data/extern/district.csv: no such file or directory
I200923 08:09:03.937697 13352 jobs/registry.go:961  [n1] job 592373821901799425: status failed after adoption finished
I200923 08:09:03.947297 13758 jobs/registry.go:806  [n1] job 592373822062100481: stepping through state running with error <nil>
I200923 08:09:03.972437 13758 kv/kvserver/replica_command.go:397  [n1,s1,r47/1:/Table/6{0-1}] initiating a split of this range at key /Table/60/1 [r56] (manual)
I200923 08:09:03.977377 14035 ccl/importccl/read_import_base.go:148  [n1,job=592373822062100481,import-distsql-ingest] could not fetch file size; falling back to per-file progress: stat /Users/sudeepkrishna/inventory-management-project/INVENTORY_COCKROACHDB/cockroach-data/extern/customer.csv: no such file or directory
I200923 08:09:03.977541 13758 jobs/registry.go:806  [n1] job 592373822062100481: stepping through state reverting with error open /Users/sudeepkrishna/inventory-management-project/INVENTORY_COCKROACHDB/cockroach-data/extern/customer.csv: no such file or directory
I200923 08:09:03.981083 13758 sql/revert.go:73  [n1,job=592373822062100481] reverting table customer (60) to time 1600848543.960051999,2147483647
I200923 08:09:03.988414 13758 jobs/registry.go:806  [n1] job 592373822062100481: stepping through state failed with error open /Users/sudeepkrishna/inventory-management-project/INVENTORY_COCKROACHDB/cockroach-data/extern/customer.csv: no such file or directory
E200923 08:09:03.993646 13758 jobs/registry.go:955  [n1] job 592373822062100481: adoption completed with error open /Users/sudeepkrishna/inventory-management-project/INVENTORY_COCKROACHDB/cockroach-data/extern/customer.csv: no such file or directory
I200923 08:09:03.995092 13758 jobs/registry.go:961  [n1] job 592373822062100481: status failed after adoption finished
I200923 08:09:04.010595 13862 jobs/registry.go:806  [n1] job 592373822252351489: stepping through state running with error <nil>
I200923 08:09:04.030890 13862 kv/kvserver/replica_command.go:397  [n1,s1,r49/1:/Table/6{2-3}] initiating a split of this range at key /Table/62/1 [r57] (manual)
I200923 08:09:04.033889 14325 ccl/importccl/read_import_base.go:148  [n1,job=592373822252351489,import-distsql-ingest] could not fetch file size; falling back to per-file progress: stat /Users/sudeepkrishna/inventory-management-project/INVENTORY_COCKROACHDB/cockroach-data/extern/item.csv: no such file or directory
I200923 08:09:04.033950 13862 jobs/registry.go:806  [n1] job 592373822252351489: stepping through state reverting with error open /Users/sudeepkrishna/inventory-management-project/INVENTORY_COCKROACHDB/cockroach-data/extern/item.csv: no such file or directory
I200923 08:09:04.035939 13862 sql/revert.go:73  [n1,job=592373822252351489] reverting table item (62) to time 1600848544.019363999,2147483647
I200923 08:09:04.039883 13862 jobs/registry.go:806  [n1] job 592373822252351489: stepping through state failed with error open /Users/sudeepkrishna/inventory-management-project/INVENTORY_COCKROACHDB/cockroach-data/extern/item.csv: no such file or directory
E200923 08:09:04.041947 13862 jobs/registry.go:955  [n1] job 592373822252351489: adoption completed with error open /Users/sudeepkrishna/inventory-management-project/INVENTORY_COCKROACHDB/cockroach-data/extern/item.csv: no such file or directory
I200923 08:09:04.042583 13862 jobs/registry.go:961  [n1] job 592373822252351489: status failed after adoption finished
I200923 08:09:04.051481 14317 jobs/registry.go:806  [n1] job 592373822404526081: stepping through state running with error <nil>
I200923 08:09:04.071486 14317 kv/kvserver/replica_command.go:397  [n1,s1,r51/1:/Table/6{4-5}] initiating a split of this range at key /Table/64/1 [r58] (manual)
I200923 08:09:04.074449 14367 ccl/importccl/read_import_base.go:148  [n1,job=592373822404526081,import-distsql-ingest] could not fetch file size; falling back to per-file progress: stat /Users/sudeepkrishna/inventory-management-project/INVENTORY_COCKROACHDB/cockroach-data/extern/order.csv: no such file or directory
I200923 08:09:04.074513 14317 jobs/registry.go:806  [n1] job 592373822404526081: stepping through state reverting with error open /Users/sudeepkrishna/inventory-management-project/INVENTORY_COCKROACHDB/cockroach-data/extern/order.csv: no such file or directory
I200923 08:09:04.076744 14317 sql/revert.go:73  [n1,job=592373822404526081] reverting table orders (64) to time 1600848544.063047999,2147483647
I200923 08:09:04.081800 14317 jobs/registry.go:806  [n1] job 592373822404526081: stepping through state failed with error open /Users/sudeepkrishna/inventory-management-project/INVENTORY_COCKROACHDB/cockroach-data/extern/order.csv: no such file or directory
E200923 08:09:04.083903 14317 jobs/registry.go:955  [n1] job 592373822404526081: adoption completed with error open /Users/sudeepkrishna/inventory-management-project/INVENTORY_COCKROACHDB/cockroach-data/extern/order.csv: no such file or directory
I200923 08:09:04.084614 14317 jobs/registry.go:961  [n1] job 592373822404526081: status failed after adoption finished
I200923 08:09:04.094565 14711 jobs/registry.go:806  [n1] job 592373822542577665: stepping through state running with error <nil>
I200923 08:09:04.114741 14711 kv/kvserver/replica_command.go:397  [n1,s1,r50/1:/Table/6{3-4}] initiating a split of this range at key /Table/63/1 [r59] (manual)
I200923 08:09:04.118625 14934 ccl/importccl/read_import_base.go:148  [n1,job=592373822542577665,import-distsql-ingest] could not fetch file size; falling back to per-file progress: stat /Users/sudeepkrishna/inventory-management-project/INVENTORY_COCKROACHDB/cockroach-data/extern/order-line.csv: no such file or directory
I200923 08:09:04.118686 14711 jobs/registry.go:806  [n1] job 592373822542577665: stepping through state reverting with error open /Users/sudeepkrishna/inventory-management-project/INVENTORY_COCKROACHDB/cockroach-data/extern/order-line.csv: no such file or directory
I200923 08:09:04.120771 14711 sql/revert.go:73  [n1,job=592373822542577665] reverting table orderline (63) to time 1600848544.105414999,2147483647
I200923 08:09:04.125038 14711 jobs/registry.go:806  [n1] job 592373822542577665: stepping through state failed with error open /Users/sudeepkrishna/inventory-management-project/INVENTORY_COCKROACHDB/cockroach-data/extern/order-line.csv: no such file or directory
E200923 08:09:04.127341 14711 jobs/registry.go:955  [n1] job 592373822542577665: adoption completed with error open /Users/sudeepkrishna/inventory-management-project/INVENTORY_COCKROACHDB/cockroach-data/extern/order-line.csv: no such file or directory
I200923 08:09:04.128026 14711 jobs/registry.go:961  [n1] job 592373822542577665: status failed after adoption finished
I200923 08:09:04.137230 15095 jobs/registry.go:806  [n1] job 592373822686461953: stepping through state running with error <nil>
I200923 08:09:04.161951 15095 kv/kvserver/replica_command.go:397  [n1,s1,r52/1:/Table/6{5-6}] initiating a split of this range at key /Table/65/1 [r60] (manual)
I200923 08:09:04.166197 15266 ccl/importccl/read_import_base.go:148  [n1,job=592373822686461953,import-distsql-ingest] could not fetch file size; falling back to per-file progress: stat /Users/sudeepkrishna/inventory-management-project/INVENTORY_COCKROACHDB/cockroach-data/extern/stock.csv: no such file or directory
I200923 08:09:04.166425 15095 jobs/registry.go:806  [n1] job 592373822686461953: stepping through state reverting with error open /Users/sudeepkrishna/inventory-management-project/INVENTORY_COCKROACHDB/cockroach-data/extern/stock.csv: no such file or directory
I200923 08:09:04.169005 15095 sql/revert.go:73  [n1,job=592373822686461953] reverting table stock (65) to time 1600848544.151352999,2147483647
I200923 08:09:04.173856 15095 jobs/registry.go:806  [n1] job 592373822686461953: stepping through state failed with error open /Users/sudeepkrishna/inventory-management-project/INVENTORY_COCKROACHDB/cockroach-data/extern/stock.csv: no such file or directory
E200923 08:09:04.176804 15095 jobs/registry.go:955  [n1] job 592373822686461953: adoption completed with error open /Users/sudeepkrishna/inventory-management-project/INVENTORY_COCKROACHDB/cockroach-data/extern/stock.csv: no such file or directory
I200923 08:09:04.177569 15095 jobs/registry.go:961  [n1] job 592373822686461953: status failed after adoption finished
I200923 08:09:04.497627 15415 kv/kvserver/replica_command.go:663  [n1,merge,s1,r36/1:/Table/56{-/1}] initiating a merge of r45:/Table/5{6/1-7} [(n1,s1):1, next=2, gen=6] into this range (lhs+rhs has (size=0 B+0 B=0 B qps=0.00+3.96=3.96qps) below threshold (size=128 MiB, qps=1250.00))
I200923 08:09:04.501089 163 kv/kvserver/store_remove_replica.go:122  [n1,s1,r36/1:/Table/56{-/1}] removing replica r45/1
I200923 08:09:05.501572 15438 kv/kvserver/replica_command.go:663  [n1,merge,s1,r35/1:/Table/55{-/1}] initiating a merge of r43:/Table/5{5/1-6} [(n1,s1):1, next=2, gen=5] into this range (lhs+rhs has (size=0 B+0 B=0 B qps=0.00+3.65=3.65qps) below threshold (size=128 MiB, qps=1250.00))
I200923 08:09:05.506028 164 kv/kvserver/store_remove_replica.go:122  [n1,s1,r35/1:/Table/55{-/1}] removing replica r43/1
I200923 08:09:06.505968 15476 kv/kvserver/replica_command.go:663  [n1,merge,s1,r34/1:/Table/54{-/1}] initiating a merge of r41:/Table/5{4/1-5} [(n1,s1):1, next=2, gen=4] into this range (lhs+rhs has (size=0 B+0 B=0 B qps=0.00+0.51=0.51qps) below threshold (size=128 MiB, qps=1250.00))
I200923 08:09:06.510181 157 kv/kvserver/store_remove_replica.go:122  [n1,s1,r34/1:/Table/54{-/1}] removing replica r41/1
I200923 08:09:07.508598 15499 kv/kvserver/replica_command.go:663  [n1,merge,s1,r38/1:/Table/58{-/1}] initiating a merge of r46:/Table/5{8/1-9} [(n1,s1):1, next=2, gen=8] into this range (lhs+rhs has (size=0 B+0 B=0 B qps=0.00+0.00=0.00qps) below threshold (size=128 MiB, qps=1250.00))
I200923 08:09:07.512429 186 kv/kvserver/store_remove_replica.go:122  [n1,s1,r38/1:/Table/58{-/1}] removing replica r46/1
I200923 08:09:08.512232 15470 kv/kvserver/replica_command.go:663  [n1,merge,s1,r37/1:/Table/57{-/1}] initiating a merge of r44:/Table/5{7/1-8} [(n1,s1):1, next=2, gen=7] into this range (lhs+rhs has (size=0 B+0 B=0 B qps=0.00+0.00=0.00qps) below threshold (size=128 MiB, qps=1250.00))
I200923 08:09:08.516108 201 kv/kvserver/store_remove_replica.go:122  [n1,s1,r37/1:/Table/57{-/1}] removing replica r44/1
I200923 08:09:09.515658 15338 kv/kvserver/replica_command.go:663  [n1,merge,s1,r39/1:/Table/59{-/1}] initiating a merge of r40:/Table/{59/1-60} [(n1,s1):1, next=2, gen=9] into this range (lhs+rhs has (size=0 B+0 B=0 B qps=0.00+0.00=0.00qps) below threshold (size=128 MiB, qps=1250.00))
I200923 08:09:09.519521 176 kv/kvserver/store_remove_replica.go:122  [n1,s1,r39/1:/Table/59{-/1}] removing replica r40/1
I200923 08:09:11.456961 223 gossip/gossip.go:567  [n1] gossip status (ok, 1 node)
gossip client (0/3 cur/max conns)
gossip server (0/3 cur/max conns, infos 0/0 sent/received, bytes 0B/0B sent/received)
I200923 08:09:11.592178 244 server/status/runtime.go:498  [n1] runtime stats: 141 MiB RSS, 194 goroutines, 81 MiB/36 MiB/127 MiB GO alloc/idle/total, 24 MiB/36 MiB CGO alloc/total, 2736.3 CGO/sec, 10.4/2.5 %(u/s)time, 0.0 %gc (3x), 132 KiB/1.2 MiB (r/w)net
I200923 08:09:21.604859 244 server/status/runtime.go:498  [n1] runtime stats: 141 MiB RSS, 193 goroutines, 89 MiB/29 MiB/127 MiB GO alloc/idle/total, 24 MiB/36 MiB CGO alloc/total, 57.0 CGO/sec, 0.9/0.5 %(u/s)time, 0.0 %gc (0x), 65 KiB/829 KiB (r/w)net
I200923 08:09:31.595877 244 server/status/runtime.go:498  [n1] runtime stats: 141 MiB RSS, 193 goroutines, 96 MiB/22 MiB/127 MiB GO alloc/idle/total, 24 MiB/36 MiB CGO alloc/total, 40.6 CGO/sec, 0.9/0.6 %(u/s)time, 0.0 %gc (0x), 58 KiB/789 KiB (r/w)net
I200923 08:09:33.808087 271 jobs/registry.go:1187  job 592373822655528961: resuming execution
I200923 08:09:33.812589 15821 jobs/registry.go:806  [n1] job 592373822655528961: stepping through state running with error <nil>
I200923 08:09:33.820373 15821 jobs/registry.go:806  [n1] job 592373822655528961: stepping through state succeeded with error <nil>
I200923 08:09:33.830072 271 jobs/registry.go:1187  job 592373821868408833: resuming execution
I200923 08:09:33.832954 15915 jobs/registry.go:806  [n1] job 592373821868408833: stepping through state running with error <nil>
I200923 08:09:33.835308 15915 jobs/registry.go:806  [n1] job 592373821868408833: stepping through state succeeded with error <nil>
I200923 08:09:33.836121 15821 jobs/registry.go:961  [n1] job 592373822655528961: status succeeded after adoption finished
I200923 08:09:33.837155 271 jobs/registry.go:1187  job 592373822813732865: resuming execution
I200923 08:09:33.839693 15971 jobs/registry.go:806  [n1] job 592373822813732865: stepping through state running with error <nil>
I200923 08:09:33.842171 15971 jobs/registry.go:806  [n1] job 592373822813732865: stepping through state succeeded with error <nil>
I200923 08:09:33.844239 15915 jobs/registry.go:961  [n1] job 592373821868408833: status succeeded after adoption finished
I200923 08:09:33.844848 271 jobs/registry.go:1187  job 592373822198185985: resuming execution
I200923 08:09:33.850060 15895 jobs/registry.go:806  [n1] job 592373822198185985: stepping through state running with error <nil>
I200923 08:09:33.851276 15895 jobs/registry.go:806  [n1] job 592373822198185985: stepping through state succeeded with error <nil>
I200923 08:09:33.851917 15971 jobs/registry.go:961  [n1] job 592373822813732865: status succeeded after adoption finished
I200923 08:09:33.853443 271 jobs/registry.go:1187  job 592373822377558017: resuming execution
I200923 08:09:33.856469 15933 jobs/registry.go:806  [n1] job 592373822377558017: stepping through state running with error <nil>
I200923 08:09:33.857843 15933 jobs/registry.go:806  [n1] job 592373822377558017: stepping through state succeeded with error <nil>
I200923 08:09:33.859249 15895 jobs/registry.go:961  [n1] job 592373822198185985: status succeeded after adoption finished
I200923 08:09:33.859971 271 jobs/registry.go:1187  job 592373822026907649: resuming execution
I200923 08:09:33.863795 16003 jobs/registry.go:806  [n1] job 592373822026907649: stepping through state running with error <nil>
I200923 08:09:33.866296 16003 jobs/registry.go:806  [n1] job 592373822026907649: stepping through state succeeded with error <nil>
I200923 08:09:33.867226 15933 jobs/registry.go:961  [n1] job 592373822377558017: status succeeded after adoption finished
I200923 08:09:33.867375 271 jobs/registry.go:1187  job 592373822511316993: resuming execution
I200923 08:09:33.868751 16019 jobs/registry.go:806  [n1] job 592373822511316993: stepping through state running with error <nil>
I200923 08:09:33.869862 16019 jobs/registry.go:806  [n1] job 592373822511316993: stepping through state succeeded with error <nil>
I200923 08:09:33.870085 16003 jobs/registry.go:961  [n1] job 592373822026907649: status succeeded after adoption finished
I200923 08:09:33.875680 16019 jobs/registry.go:961  [n1] job 592373822511316993: status succeeded after adoption finished
I200923 08:09:41.601617 244 server/status/runtime.go:498  [n1] runtime stats: 144 MiB RSS, 193 goroutines, 64 MiB/46 MiB/127 MiB GO alloc/idle/total, 24 MiB/36 MiB CGO alloc/total, 205.5 CGO/sec, 2.5/0.6 %(u/s)time, 0.0 %gc (1x), 97 KiB/614 KiB (r/w)net
I200923 08:09:51.607325 244 server/status/runtime.go:498  [n1] runtime stats: 141 MiB RSS, 194 goroutines, 71 MiB/40 MiB/127 MiB GO alloc/idle/total, 24 MiB/36 MiB CGO alloc/total, 32.2 CGO/sec, 0.6/0.4 %(u/s)time, 0.0 %gc (0x), 98 KiB/520 KiB (r/w)net
I200923 08:10:01.600951 244 server/status/runtime.go:498  [n1] runtime stats: 138 MiB RSS, 194 goroutines, 77 MiB/34 MiB/127 MiB GO alloc/idle/total, 24 MiB/36 MiB CGO alloc/total, 34.9 CGO/sec, 0.5/0.4 %(u/s)time, 0.0 %gc (0x), 109 KiB/509 KiB (r/w)net
I200923 08:10:11.456268 223 gossip/gossip.go:567  [n1] gossip status (ok, 1 node)
gossip client (0/3 cur/max conns)
gossip server (0/3 cur/max conns, infos 0/0 sent/received, bytes 0B/0B sent/received)
I200923 08:10:11.604795 244 server/status/runtime.go:498  [n1] runtime stats: 130 MiB RSS, 194 goroutines, 84 MiB/28 MiB/127 MiB GO alloc/idle/total, 24 MiB/36 MiB CGO alloc/total, 36.9 CGO/sec, 0.5/0.4 %(u/s)time, 0.0 %gc (0x), 79 KiB/482 KiB (r/w)net
I200923 08:10:11.876922 16391 jobs/registry.go:806  [n1] job 592374044657352705: stepping through state running with error <nil>
I200923 08:10:11.907155 16391 jobs/registry.go:806  [n1] job 592374044657352705: stepping through state succeeded with error <nil>
I200923 08:10:11.910177 16391 jobs/registry.go:961  [n1] job 592374044657352705: status succeeded after adoption finished
I200923 08:10:11.920146 16574 jobs/registry.go:806  [n1] job 592374044804939777: stepping through state running with error <nil>
I200923 08:10:11.972877 16574 jobs/registry.go:806  [n1] job 592374044804939777: stepping through state succeeded with error <nil>
I200923 08:10:11.975764 16574 jobs/registry.go:961  [n1] job 592374044804939777: status succeeded after adoption finished
I200923 08:10:11.983458 16492 jobs/registry.go:806  [n1] job 592374045013016577: stepping through state running with error <nil>
I200923 08:10:12.013112 16492 jobs/registry.go:806  [n1] job 592374045013016577: stepping through state succeeded with error <nil>
I200923 08:10:12.016281 16492 jobs/registry.go:961  [n1] job 592374045013016577: status succeeded after adoption finished
I200923 08:10:12.021953 16720 jobs/registry.go:806  [n1] job 592374045139304449: stepping through state running with error <nil>
I200923 08:10:12.037215 16720 jobs/registry.go:806  [n1] job 592374045139304449: stepping through state succeeded with error <nil>
I200923 08:10:12.040412 16720 jobs/registry.go:961  [n1] job 592374045139304449: status succeeded after adoption finished
I200923 08:10:12.047367 16732 jobs/registry.go:806  [n1] job 592374045224599553: stepping through state running with error <nil>
I200923 08:10:12.083026 16732 jobs/registry.go:806  [n1] job 592374045224599553: stepping through state succeeded with error <nil>
I200923 08:10:12.089417 16732 jobs/registry.go:961  [n1] job 592374045224599553: status succeeded after adoption finished
I200923 08:10:12.100923 16852 jobs/registry.go:806  [n1] job 592374045388800001: stepping through state running with error <nil>
I200923 08:10:12.128093 16852 jobs/registry.go:806  [n1] job 592374045388800001: stepping through state succeeded with error <nil>
I200923 08:10:12.131095 16852 jobs/registry.go:961  [n1] job 592374045388800001: status succeeded after adoption finished
I200923 08:10:12.138845 16935 jobs/registry.go:806  [n1] job 592374045522886657: stepping through state running with error <nil>
I200923 08:10:12.177102 16935 jobs/registry.go:806  [n1] job 592374045522886657: stepping through state succeeded with error <nil>
I200923 08:10:12.179831 16935 jobs/registry.go:961  [n1] job 592374045522886657: status succeeded after adoption finished
I200923 08:10:21.602373 244 server/status/runtime.go:498  [n1] runtime stats: 143 MiB RSS, 193 goroutines, 95 MiB/23 MiB/127 MiB GO alloc/idle/total, 23 MiB/36 MiB CGO alloc/total, 1351.0 CGO/sec, 4.1/1.0 %(u/s)time, 0.0 %gc (1x), 92 KiB/544 KiB (r/w)net
I200923 08:10:31.610114 244 server/status/runtime.go:498  [n1] runtime stats: 145 MiB RSS, 193 goroutines, 104 MiB/15 MiB/127 MiB GO alloc/idle/total, 23 MiB/36 MiB CGO alloc/total, 29.6 CGO/sec, 0.6/0.4 %(u/s)time, 0.0 %gc (0x), 91 KiB/617 KiB (r/w)net
I200923 08:10:41.603912 244 server/status/runtime.go:498  [n1] runtime stats: 146 MiB RSS, 193 goroutines, 62 MiB/44 MiB/127 MiB GO alloc/idle/total, 23 MiB/36 MiB CGO alloc/total, 43.6 CGO/sec, 0.9/0.5 %(u/s)time, 0.0 %gc (1x), 100 KiB/383 KiB (r/w)net
I200923 08:10:51.606131 244 server/status/runtime.go:498  [n1] runtime stats: 147 MiB RSS, 194 goroutines, 71 MiB/36 MiB/127 MiB GO alloc/idle/total, 23 MiB/36 MiB CGO alloc/total, 25.8 CGO/sec, 0.5/0.4 %(u/s)time, 0.0 %gc (0x), 74 KiB/695 KiB (r/w)net
I200923 08:11:01.612848 244 server/status/runtime.go:498  [n1] runtime stats: 147 MiB RSS, 194 goroutines, 78 MiB/30 MiB/127 MiB GO alloc/idle/total, 31 MiB/44 MiB CGO alloc/total, 27.0 CGO/sec, 0.5/0.3 %(u/s)time, 0.0 %gc (0x), 97 KiB/590 KiB (r/w)net
I200923 08:11:11.460651 223 gossip/gossip.go:567  [n1] gossip status (ok, 1 node)
gossip client (0/3 cur/max conns)
gossip server (0/3 cur/max conns, infos 0/0 sent/received, bytes 0B/0B sent/received)
E200923 08:11:11.609426 308 kv/kvserver/queue.go:1205  [n1,replicate] 9 replicas failing with "0 of 1 live stores are able to take a new replica for the range (1 already has a replica); likely not enough nodes in cluster"
I200923 08:11:11.612853 244 server/status/runtime.go:498  [n1] runtime stats: 144 MiB RSS, 195 goroutines, 85 MiB/24 MiB/127 MiB GO alloc/idle/total, 31 MiB/44 MiB CGO alloc/total, 34.1 CGO/sec, 0.5/0.4 %(u/s)time, 0.0 %gc (0x), 61 KiB/935 KiB (r/w)net
I200923 08:11:21.617727 244 server/status/runtime.go:498  [n1] runtime stats: 146 MiB RSS, 193 goroutines, 94 MiB/17 MiB/131 MiB GO alloc/idle/total, 31 MiB/44 MiB CGO alloc/total, 119.5 CGO/sec, 0.7/0.3 %(u/s)time, 0.0 %gc (0x), 102 KiB/604 KiB (r/w)net
I200923 08:11:31.457860 222 kv/kvserver/store.go:2474  [n1,s1] sstables (read amplification = 0):
I200923 08:11:31.458701 222 kv/kvserver/store.go:2475  [n1,s1] 
** Compaction Stats [default] **
Level    Files   Size     Score Read(GB)  Rn(GB) Rnp1(GB) Write(GB) Wnew(GB) Moved(GB) W-Amp Rd(MB/s) Wr(MB/s) Comp(sec) CompMergeCPU(sec) Comp(cnt) Avg(sec) KeyIn KeyDrop
----------------------------------------------------------------------------------------------------------------------------------------------------------------------------
 Sum      0/0    0.00 KB   0.0      0.0     0.0      0.0       0.0      0.0       0.0   0.0      0.0      0.0      0.00              0.00         0    0.000       0      0
 Int      0/0    0.00 KB   0.0      0.0     0.0      0.0       0.0      0.0       0.0   0.0      0.0      0.0      0.00              0.00         0    0.000       0      0

** Compaction Stats [default] **
Priority    Files   Size     Score Read(GB)  Rn(GB) Rnp1(GB) Write(GB) Wnew(GB) Moved(GB) W-Amp Rd(MB/s) Wr(MB/s) Comp(sec) CompMergeCPU(sec) Comp(cnt) Avg(sec) KeyIn KeyDrop
-------------------------------------------------------------------------------------------------------------------------------------------------------------------------------
Uptime(secs): 620.1 total, 600.0 interval
Flush(GB): cumulative 0.000, interval 0.000
AddFile(GB): cumulative 0.000, interval 0.000
AddFile(Total Files): cumulative 0, interval 0
AddFile(L0 Files): cumulative 0, interval 0
AddFile(Keys): cumulative 0, interval 0
Cumulative compaction: 0.00 GB write, 0.00 MB/s write, 0.00 GB read, 0.00 MB/s read, 0.0 seconds
Interval compaction: 0.00 GB write, 0.00 MB/s write, 0.00 GB read, 0.00 MB/s read, 0.0 seconds
Stalls(count): 0 level0_slowdown, 0 level0_slowdown_with_compaction, 0 level0_numfiles, 0 level0_numfiles_with_compaction, 0 stop for pending_compaction_bytes, 0 slowdown for pending_compaction_bytes, 0 memtable_compaction, 0 memtable_slowdown, interval 0 total count
estimated_pending_compaction_bytes: 0 B
I200923 08:11:31.641552 244 server/status/runtime.go:498  [n1] runtime stats: 138 MiB RSS, 193 goroutines, 101 MiB/11 MiB/135 MiB GO alloc/idle/total, 31 MiB/44 MiB CGO alloc/total, 26.4 CGO/sec, 0.4/0.3 %(u/s)time, 0.0 %gc (0x), 67 KiB/836 KiB (r/w)net
I200923 08:11:41.628254 244 server/status/runtime.go:498  [n1] runtime stats: 132 MiB RSS, 193 goroutines, 105 MiB/72 MiB/139 MiB GO alloc/idle/total, 31 MiB/44 MiB CGO alloc/total, 32.7 CGO/sec, 0.7/0.7 %(u/s)time, 0.0 %gc (1x), 54 KiB/486 KiB (r/w)net
I200923 08:11:51.622692 244 server/status/runtime.go:498  [n1] runtime stats: 138 MiB RSS, 194 goroutines, 66 MiB/104 MiB/139 MiB GO alloc/idle/total, 31 MiB/44 MiB CGO alloc/total, 23.7 CGO/sec, 0.7/0.4 %(u/s)time, 0.0 %gc (0x), 60 KiB/743 KiB (r/w)net
I200923 08:12:01.633749 244 server/status/runtime.go:498  [n1] runtime stats: 141 MiB RSS, 194 goroutines, 73 MiB/98 MiB/139 MiB GO alloc/idle/total, 31 MiB/44 MiB CGO alloc/total, 24.3 CGO/sec, 0.6/0.4 %(u/s)time, 0.0 %gc (0x), 76 KiB/656 KiB (r/w)net
I200923 08:12:11.460213 223 gossip/gossip.go:567  [n1] gossip status (ok, 1 node)
gossip client (0/3 cur/max conns)
gossip server (0/3 cur/max conns, infos 0/0 sent/received, bytes 0B/0B sent/received)
I200923 08:12:11.630330 244 server/status/runtime.go:498  [n1] runtime stats: 143 MiB RSS, 194 goroutines, 80 MiB/92 MiB/139 MiB GO alloc/idle/total, 31 MiB/44 MiB CGO alloc/total, 33.3 CGO/sec, 0.5/0.4 %(u/s)time, 0.0 %gc (0x), 68 KiB/857 KiB (r/w)net
I200923 08:12:21.634690 244 server/status/runtime.go:498  [n1] runtime stats: 146 MiB RSS, 193 goroutines, 87 MiB/86 MiB/139 MiB GO alloc/idle/total, 31 MiB/44 MiB CGO alloc/total, 49.7 CGO/sec, 0.6/0.3 %(u/s)time, 0.0 %gc (0x), 85 KiB/1003 KiB (r/w)net
I200923 08:12:31.638750 244 server/status/runtime.go:498  [n1] runtime stats: 149 MiB RSS, 193 goroutines, 94 MiB/80 MiB/139 MiB GO alloc/idle/total, 31 MiB/45 MiB CGO alloc/total, 27.9 CGO/sec, 0.5/0.4 %(u/s)time, 0.0 %gc (0x), 61 KiB/709 KiB (r/w)net
I200923 08:12:41.640541 244 server/status/runtime.go:498  [n1] runtime stats: 150 MiB RSS, 193 goroutines, 101 MiB/74 MiB/139 MiB GO alloc/idle/total, 31 MiB/45 MiB CGO alloc/total, 28.4 CGO/sec, 0.5/0.3 %(u/s)time, 0.0 %gc (0x), 42 KiB/924 KiB (r/w)net
I200923 08:12:51.645442 244 server/status/runtime.go:498  [n1] runtime stats: 152 MiB RSS, 194 goroutines, 107 MiB/68 MiB/141 MiB GO alloc/idle/total, 31 MiB/45 MiB CGO alloc/total, 26.2 CGO/sec, 0.5/0.3 %(u/s)time, 0.0 %gc (0x), 73 KiB/706 KiB (r/w)net
I200923 08:13:01.648757 244 server/status/runtime.go:498  [n1] runtime stats: 156 MiB RSS, 194 goroutines, 64 MiB/107 MiB/143 MiB GO alloc/idle/total, 31 MiB/45 MiB CGO alloc/total, 24.3 CGO/sec, 0.9/0.4 %(u/s)time, 0.0 %gc (1x), 62 KiB/538 KiB (r/w)net
